ARM GAS  C:\Users\sagep\AppData\Local\Temp\ccGAjrIE.s 			page 1


   1              		.cpu cortex-m4
   2              		.arch armv7e-m
   3              		.fpu fpv4-sp-d16
   4              		.eabi_attribute 27, 1
   5              		.eabi_attribute 28, 1
   6              		.eabi_attribute 20, 1
   7              		.eabi_attribute 21, 1
   8              		.eabi_attribute 23, 3
   9              		.eabi_attribute 24, 1
  10              		.eabi_attribute 25, 1
  11              		.eabi_attribute 26, 1
  12              		.eabi_attribute 30, 1
  13              		.eabi_attribute 34, 1
  14              		.eabi_attribute 18, 4
  15              		.file	"eeprom.c"
  16              		.text
  17              	.Ltext0:
  18              		.cfi_sections	.debug_frame
  19              		.file 1 "Core/Src/eeprom.c"
  20              		.section	.text.control_byte_builder,"ax",%progbits
  21              		.align	1
  22              		.global	control_byte_builder
  23              		.syntax unified
  24              		.thumb
  25              		.thumb_func
  27              	control_byte_builder:
  28              	.LVL0:
  29              	.LFB132:
   1:Core/Src/eeprom.c **** #include <eeprom.h>
   2:Core/Src/eeprom.c **** 
   3:Core/Src/eeprom.c **** uint8_t control_byte_builder(uint8_t control_code, uint8_t block_select, uint8_t chip_select, uint8
   4:Core/Src/eeprom.c **** {
  30              		.loc 1 4 1 view -0
  31              		.cfi_startproc
  32              		@ args = 0, pretend = 0, frame = 0
  33              		@ frame_needed = 0, uses_anonymous_args = 0
  34              		@ link register save eliminated.
   5:Core/Src/eeprom.c ****     uint8_t byte =
  35              		.loc 1 5 5 view .LVU1
   6:Core/Src/eeprom.c ****         ((control_code & 0xF) << 4) | ((block_select & 0x1) << 3) | ((chip_select & 0x3) << 1) | (r
  36              		.loc 1 6 61 is_stmt 0 view .LVU2
  37 0000 C900     		lsls	r1, r1, #3
  38              	.LVL1:
  39              		.loc 1 6 61 view .LVU3
  40 0002 01F00801 		and	r1, r1, #8
  41              		.loc 1 6 37 view .LVU4
  42 0006 41EA0011 		orr	r1, r1, r0, lsl #4
  43 000a 49B2     		sxtb	r1, r1
  44              		.loc 1 6 90 view .LVU5
  45 000c 5200     		lsls	r2, r2, #1
  46              	.LVL2:
  47              		.loc 1 6 90 view .LVU6
  48 000e 02F00602 		and	r2, r2, #6
  49              		.loc 1 6 67 view .LVU7
  50 0012 1143     		orrs	r1, r1, r2
   5:Core/Src/eeprom.c ****     uint8_t byte =
  51              		.loc 1 5 13 view .LVU8
ARM GAS  C:\Users\sagep\AppData\Local\Temp\ccGAjrIE.s 			page 2


  52 0014 03F00103 		and	r3, r3, #1
  53              	.LVL3:
   5:Core/Src/eeprom.c ****     uint8_t byte =
  54              		.loc 1 5 13 view .LVU9
  55 0018 43EA0100 		orr	r0, r3, r1
  56              	.LVL4:
   7:Core/Src/eeprom.c ****     return byte;
  57              		.loc 1 7 5 is_stmt 1 view .LVU10
   8:Core/Src/eeprom.c **** }...
  58              		.loc 1 8 1 is_stmt 0 view .LVU11
  59 001c C0B2     		uxtb	r0, r0
  60              		.loc 1 8 1 view .LVU12
  61 001e 7047     		bx	lr
  62              		.cfi_endproc
  63              	.LFE132:
  65              		.global	EEPROM_HandleTypeDef
  66              		.section	.bss.EEPROM_HandleTypeDef,"aw",%nobits
  67              		.align	2
  70              	EEPROM_HandleTypeDef:
  71 0000 00000000 		.space	24
  71      00000000 
  71      00000000 
  71      00000000 
  71      00000000 
  72              		.text
  73              	.Letext0:
  74              		.file 2 "C:\\ST\\STM32CubeCLT_1.16.0\\GNU-tools-for-STM32\\bin/../lib/gcc/arm-none-eabi/12.3.1/../
  75              		.file 3 "C:\\ST\\STM32CubeCLT_1.16.0\\GNU-tools-for-STM32\\bin/../lib/gcc/arm-none-eabi/12.3.1/../
  76              		.file 4 "Drivers/CMSIS/Device/ST/STM32L4xx/Include/stm32l476xx.h"
  77              		.file 5 "Drivers/STM32L4xx_HAL_Driver/Inc/stm32l4xx_hal_def.h"
  78              		.file 6 "Drivers/STM32L4xx_HAL_Driver/Inc/stm32l4xx_hal_dma.h"
  79              		.file 7 "Drivers/STM32L4xx_HAL_Driver/Inc/stm32l4xx_hal_i2c.h"
  80              		.file 8 "Core/Inc/eeprom.h"
ARM GAS  C:\Users\sagep\AppData\Local\Temp\ccGAjrIE.s 			page 3


DEFINED SYMBOLS
                            *ABS*:00000000 eeprom.c
C:\Users\sagep\AppData\Local\Temp\ccGAjrIE.s:21     .text.control_byte_builder:00000000 $t
C:\Users\sagep\AppData\Local\Temp\ccGAjrIE.s:27     .text.control_byte_builder:00000000 control_byte_builder
C:\Users\sagep\AppData\Local\Temp\ccGAjrIE.s:70     .bss.EEPROM_HandleTypeDef:00000000 EEPROM_HandleTypeDef
C:\Users\sagep\AppData\Local\Temp\ccGAjrIE.s:67     .bss.EEPROM_HandleTypeDef:00000000 $d

NO UNDEFINED SYMBOLS
