ARM GAS  C:\Users\sagep\AppData\Local\Temp\ccfiPGEk.s 			page 1


   1              		.cpu cortex-m4
   2              		.arch armv7e-m
   3              		.fpu fpv4-sp-d16
   4              		.eabi_attribute 27, 1
   5              		.eabi_attribute 28, 1
   6              		.eabi_attribute 20, 1
   7              		.eabi_attribute 21, 1
   8              		.eabi_attribute 23, 3
   9              		.eabi_attribute 24, 1
  10              		.eabi_attribute 25, 1
  11              		.eabi_attribute 26, 1
  12              		.eabi_attribute 30, 1
  13              		.eabi_attribute 34, 1
  14              		.eabi_attribute 18, 4
  15              		.file	"main.c"
  16              		.text
  17              	.Ltext0:
  18              		.cfi_sections	.debug_frame
  19              		.file 1 "Core/Src/main.c"
  20              		.section	.text.MX_GPIO_Init,"ax",%progbits
  21              		.align	1
  22              		.syntax unified
  23              		.thumb
  24              		.thumb_func
  26              	MX_GPIO_Init:
  27              	.LFB138:
   1:Core/Src/main.c **** /* USER CODE BEGIN Header */
   2:Core/Src/main.c **** /**
   3:Core/Src/main.c ****  ******************************************************************************
   4:Core/Src/main.c ****  * @file           : main.c
   5:Core/Src/main.c ****  * @brief          : Main program body
   6:Core/Src/main.c ****  ******************************************************************************
   7:Core/Src/main.c ****  * @attention
   8:Core/Src/main.c ****  *
   9:Core/Src/main.c ****  * Copyright (c) 2024 STMicroelectronics.
  10:Core/Src/main.c ****  * All rights reserved.
  11:Core/Src/main.c ****  *
  12:Core/Src/main.c ****  * This software is licensed under terms that can be found in the LICENSE file
  13:Core/Src/main.c ****  * in the root directory of this software component.
  14:Core/Src/main.c ****  * If no LICENSE file comes with this software, it is provided AS-IS.
  15:Core/Src/main.c ****  *
  16:Core/Src/main.c ****  ******************************************************************************
  17:Core/Src/main.c ****  */
  18:Core/Src/main.c **** /* USER CODE END Header */
  19:Core/Src/main.c **** /* Includes ------------------------------------------------------------------*/
  20:Core/Src/main.c **** #include "main.h"
  21:Core/Src/main.c **** 
  22:Core/Src/main.c **** /* Private includes ----------------------------------------------------------*/
  23:Core/Src/main.c **** /* USER CODE BEGIN Includes */
  24:Core/Src/main.c **** 
  25:Core/Src/main.c **** /* USER CODE END Includes */
  26:Core/Src/main.c **** 
  27:Core/Src/main.c **** /* Private typedef -----------------------------------------------------------*/
  28:Core/Src/main.c **** /* USER CODE BEGIN PTD */
  29:Core/Src/main.c **** 
  30:Core/Src/main.c **** /* USER CODE END PTD */
  31:Core/Src/main.c **** 
ARM GAS  C:\Users\sagep\AppData\Local\Temp\ccfiPGEk.s 			page 2


  32:Core/Src/main.c **** /* Private define ------------------------------------------------------------*/
  33:Core/Src/main.c **** /* USER CODE BEGIN PD */
  34:Core/Src/main.c **** 
  35:Core/Src/main.c **** /* USER CODE END PD */
  36:Core/Src/main.c **** 
  37:Core/Src/main.c **** /* Private macro -------------------------------------------------------------*/
  38:Core/Src/main.c **** /* USER CODE BEGIN PM */
  39:Core/Src/main.c **** 
  40:Core/Src/main.c **** /* USER CODE END PM */
  41:Core/Src/main.c **** 
  42:Core/Src/main.c **** /* Private variables ---------------------------------------------------------*/
  43:Core/Src/main.c **** I2C_HandleTypeDef hi2c3;
  44:Core/Src/main.c **** 
  45:Core/Src/main.c **** RNG_HandleTypeDef hrng;
  46:Core/Src/main.c **** 
  47:Core/Src/main.c **** TIM_HandleTypeDef htim3;
  48:Core/Src/main.c **** 
  49:Core/Src/main.c **** UART_HandleTypeDef huart2;
  50:Core/Src/main.c **** 
  51:Core/Src/main.c **** /* USER CODE BEGIN PV */
  52:Core/Src/main.c **** 
  53:Core/Src/main.c **** /* USER CODE END PV */
  54:Core/Src/main.c **** 
  55:Core/Src/main.c **** /* Private function prototypes -----------------------------------------------*/
  56:Core/Src/main.c **** void SystemClock_Config(void);
  57:Core/Src/main.c **** static void MX_GPIO_Init(void);
  58:Core/Src/main.c **** static void MX_I2C3_Init(void);
  59:Core/Src/main.c **** static void MX_RNG_Init(void);
  60:Core/Src/main.c **** static void MX_USART2_UART_Init(void);
  61:Core/Src/main.c **** static void MX_TIM3_Init(void);
  62:Core/Src/main.c **** /* USER CODE BEGIN PFP */
  63:Core/Src/main.c **** 
  64:Core/Src/main.c **** /* USER CODE END PFP */
  65:Core/Src/main.c **** 
  66:Core/Src/main.c **** /* Private user code ---------------------------------------------------------*/
  67:Core/Src/main.c **** /* USER CODE BEGIN 0 */
  68:Core/Src/main.c **** 
  69:Core/Src/main.c **** /* USER CODE END 0 */
  70:Core/Src/main.c **** 
  71:Core/Src/main.c **** /**
  72:Core/Src/main.c ****  * @brief  The application entry point.
  73:Core/Src/main.c ****  * @retval int
  74:Core/Src/main.c ****  */
  75:Core/Src/main.c **** int main(void)
  76:Core/Src/main.c **** {
  77:Core/Src/main.c **** 
  78:Core/Src/main.c ****     /* USER CODE BEGIN 1 */
  79:Core/Src/main.c **** 
  80:Core/Src/main.c ****     /* USER CODE END 1 */
  81:Core/Src/main.c **** 
  82:Core/Src/main.c ****     /* MCU Configuration--------------------------------------------------------*/
  83:Core/Src/main.c **** 
  84:Core/Src/main.c ****     /* Reset of all peripherals, Initializes the Flash interface and the Systick. */
  85:Core/Src/main.c ****     HAL_Init();
  86:Core/Src/main.c **** 
  87:Core/Src/main.c ****     /* USER CODE BEGIN Init */
  88:Core/Src/main.c **** 
ARM GAS  C:\Users\sagep\AppData\Local\Temp\ccfiPGEk.s 			page 3


  89:Core/Src/main.c ****     /* USER CODE END Init */
  90:Core/Src/main.c **** 
  91:Core/Src/main.c ****     /* Configure the system clock */
  92:Core/Src/main.c ****     SystemClock_Config();
  93:Core/Src/main.c **** 
  94:Core/Src/main.c ****     /* USER CODE BEGIN SysInit */
  95:Core/Src/main.c **** 
  96:Core/Src/main.c ****     /* USER CODE END SysInit */
  97:Core/Src/main.c **** 
  98:Core/Src/main.c ****     /* Initialize all configured peripherals */
  99:Core/Src/main.c ****     MX_GPIO_Init();
 100:Core/Src/main.c ****     MX_I2C3_Init();
 101:Core/Src/main.c ****     MX_RNG_Init();
 102:Core/Src/main.c ****     MX_USART2_UART_Init();
 103:Core/Src/main.c ****     MX_TIM3_Init();
 104:Core/Src/main.c ****     /* USER CODE BEGIN 2 */
 105:Core/Src/main.c **** 
 106:Core/Src/main.c ****     /* USER CODE END 2 */
 107:Core/Src/main.c **** 
 108:Core/Src/main.c ****     /* Infinite loop */
 109:Core/Src/main.c ****     /* USER CODE BEGIN WHILE */
 110:Core/Src/main.c ****     while (1)
 111:Core/Src/main.c ****     {
 112:Core/Src/main.c ****         /* USER CODE END WHILE */
 113:Core/Src/main.c ****         HAL_Delay(500);
 114:Core/Src/main.c ****         HAL_GPIO_TogglePin(LD2_GPIO_Port, LD2_Pin);
 115:Core/Src/main.c ****         HAL_GPIO_TogglePin(LED_PC10_GPIO_Port, LED_PC10_Pin);
 116:Core/Src/main.c ****         HAL_GPIO_TogglePin(LED_PC11_GPIO_Port, LED_PC11_Pin);
 117:Core/Src/main.c ****         /* USER CODE BEGIN 3 */
 118:Core/Src/main.c ****     }
 119:Core/Src/main.c ****     /* USER CODE END 3 */
 120:Core/Src/main.c **** }
 121:Core/Src/main.c **** 
 122:Core/Src/main.c **** /**
 123:Core/Src/main.c ****  * @brief System Clock Configuration
 124:Core/Src/main.c ****  * @retval None
 125:Core/Src/main.c ****  */
 126:Core/Src/main.c **** void SystemClock_Config(void)
 127:Core/Src/main.c **** {
 128:Core/Src/main.c ****     RCC_OscInitTypeDef RCC_OscInitStruct = {0};
 129:Core/Src/main.c ****     RCC_ClkInitTypeDef RCC_ClkInitStruct = {0};
 130:Core/Src/main.c **** 
 131:Core/Src/main.c ****     /** Configure the main internal regulator output voltage
 132:Core/Src/main.c ****      */
 133:Core/Src/main.c ****     if (HAL_PWREx_ControlVoltageScaling(PWR_REGULATOR_VOLTAGE_SCALE1) != HAL_OK)
 134:Core/Src/main.c ****     {
 135:Core/Src/main.c ****         Error_Handler();
 136:Core/Src/main.c ****     }
 137:Core/Src/main.c **** 
 138:Core/Src/main.c ****     /** Initializes the RCC Oscillators according to the specified parameters
 139:Core/Src/main.c ****      * in the RCC_OscInitTypeDef structure.
 140:Core/Src/main.c ****      */
 141:Core/Src/main.c ****     RCC_OscInitStruct.OscillatorType = RCC_OSCILLATORTYPE_HSI;
 142:Core/Src/main.c ****     RCC_OscInitStruct.HSIState = RCC_HSI_ON;
 143:Core/Src/main.c ****     RCC_OscInitStruct.HSICalibrationValue = RCC_HSICALIBRATION_DEFAULT;
 144:Core/Src/main.c ****     RCC_OscInitStruct.PLL.PLLState = RCC_PLL_ON;
 145:Core/Src/main.c ****     RCC_OscInitStruct.PLL.PLLSource = RCC_PLLSOURCE_HSI;
ARM GAS  C:\Users\sagep\AppData\Local\Temp\ccfiPGEk.s 			page 4


 146:Core/Src/main.c ****     RCC_OscInitStruct.PLL.PLLM = 1;
 147:Core/Src/main.c ****     RCC_OscInitStruct.PLL.PLLN = 10;
 148:Core/Src/main.c ****     RCC_OscInitStruct.PLL.PLLP = RCC_PLLP_DIV7;
 149:Core/Src/main.c ****     RCC_OscInitStruct.PLL.PLLQ = RCC_PLLQ_DIV2;
 150:Core/Src/main.c ****     RCC_OscInitStruct.PLL.PLLR = RCC_PLLR_DIV2;
 151:Core/Src/main.c ****     if (HAL_RCC_OscConfig(&RCC_OscInitStruct) != HAL_OK)
 152:Core/Src/main.c ****     {
 153:Core/Src/main.c ****         Error_Handler();
 154:Core/Src/main.c ****     }
 155:Core/Src/main.c **** 
 156:Core/Src/main.c ****     /** Initializes the CPU, AHB and APB buses clocks
 157:Core/Src/main.c ****      */
 158:Core/Src/main.c ****     RCC_ClkInitStruct.ClockType = RCC_CLOCKTYPE_HCLK | RCC_CLOCKTYPE_SYSCLK | RCC_CLOCKTYPE_PCLK1 |
 159:Core/Src/main.c ****     RCC_ClkInitStruct.SYSCLKSource = RCC_SYSCLKSOURCE_PLLCLK;
 160:Core/Src/main.c ****     RCC_ClkInitStruct.AHBCLKDivider = RCC_SYSCLK_DIV1;
 161:Core/Src/main.c ****     RCC_ClkInitStruct.APB1CLKDivider = RCC_HCLK_DIV1;
 162:Core/Src/main.c ****     RCC_ClkInitStruct.APB2CLKDivider = RCC_HCLK_DIV1;
 163:Core/Src/main.c **** 
 164:Core/Src/main.c ****     if (HAL_RCC_ClockConfig(&RCC_ClkInitStruct, FLASH_LATENCY_4) != HAL_OK)
 165:Core/Src/main.c ****     {
 166:Core/Src/main.c ****         Error_Handler();
 167:Core/Src/main.c ****     }
 168:Core/Src/main.c **** }
 169:Core/Src/main.c **** 
 170:Core/Src/main.c **** /**
 171:Core/Src/main.c ****  * @brief I2C3 Initialization Function
 172:Core/Src/main.c ****  * @param None
 173:Core/Src/main.c ****  * @retval None
 174:Core/Src/main.c ****  */
 175:Core/Src/main.c **** static void MX_I2C3_Init(void)
 176:Core/Src/main.c **** {
 177:Core/Src/main.c **** 
 178:Core/Src/main.c ****     /* USER CODE BEGIN I2C3_Init 0 */
 179:Core/Src/main.c **** 
 180:Core/Src/main.c ****     /* USER CODE END I2C3_Init 0 */
 181:Core/Src/main.c **** 
 182:Core/Src/main.c ****     /* USER CODE BEGIN I2C3_Init 1 */
 183:Core/Src/main.c **** 
 184:Core/Src/main.c ****     /* USER CODE END I2C3_Init 1 */
 185:Core/Src/main.c ****     hi2c3.Instance = I2C3;
 186:Core/Src/main.c ****     hi2c3.Init.Timing = 0x10909CEC;
 187:Core/Src/main.c ****     hi2c3.Init.OwnAddress1 = 0;
 188:Core/Src/main.c ****     hi2c3.Init.AddressingMode = I2C_ADDRESSINGMODE_7BIT;
 189:Core/Src/main.c ****     hi2c3.Init.DualAddressMode = I2C_DUALADDRESS_DISABLE;
 190:Core/Src/main.c ****     hi2c3.Init.OwnAddress2 = 0;
 191:Core/Src/main.c ****     hi2c3.Init.OwnAddress2Masks = I2C_OA2_NOMASK;
 192:Core/Src/main.c ****     hi2c3.Init.GeneralCallMode = I2C_GENERALCALL_DISABLE;
 193:Core/Src/main.c ****     hi2c3.Init.NoStretchMode = I2C_NOSTRETCH_DISABLE;
 194:Core/Src/main.c ****     if (HAL_I2C_Init(&hi2c3) != HAL_OK)
 195:Core/Src/main.c ****     {
 196:Core/Src/main.c ****         Error_Handler();
 197:Core/Src/main.c ****     }
 198:Core/Src/main.c **** 
 199:Core/Src/main.c ****     /** Configure Analogue filter
 200:Core/Src/main.c ****      */
 201:Core/Src/main.c ****     if (HAL_I2CEx_ConfigAnalogFilter(&hi2c3, I2C_ANALOGFILTER_ENABLE) != HAL_OK)
 202:Core/Src/main.c ****     {
ARM GAS  C:\Users\sagep\AppData\Local\Temp\ccfiPGEk.s 			page 5


 203:Core/Src/main.c ****         Error_Handler();
 204:Core/Src/main.c ****     }
 205:Core/Src/main.c **** 
 206:Core/Src/main.c ****     /** Configure Digital filter
 207:Core/Src/main.c ****      */
 208:Core/Src/main.c ****     if (HAL_I2CEx_ConfigDigitalFilter(&hi2c3, 0) != HAL_OK)
 209:Core/Src/main.c ****     {
 210:Core/Src/main.c ****         Error_Handler();
 211:Core/Src/main.c ****     }
 212:Core/Src/main.c ****     /* USER CODE BEGIN I2C3_Init 2 */
 213:Core/Src/main.c **** 
 214:Core/Src/main.c ****     /* USER CODE END I2C3_Init 2 */
 215:Core/Src/main.c **** }
 216:Core/Src/main.c **** 
 217:Core/Src/main.c **** /**
 218:Core/Src/main.c ****  * @brief RNG Initialization Function
 219:Core/Src/main.c ****  * @param None
 220:Core/Src/main.c ****  * @retval None
 221:Core/Src/main.c ****  */
 222:Core/Src/main.c **** static void MX_RNG_Init(void)
 223:Core/Src/main.c **** {
 224:Core/Src/main.c **** 
 225:Core/Src/main.c ****     /* USER CODE BEGIN RNG_Init 0 */
 226:Core/Src/main.c **** 
 227:Core/Src/main.c ****     /* USER CODE END RNG_Init 0 */
 228:Core/Src/main.c **** 
 229:Core/Src/main.c ****     /* USER CODE BEGIN RNG_Init 1 */
 230:Core/Src/main.c **** 
 231:Core/Src/main.c ****     /* USER CODE END RNG_Init 1 */
 232:Core/Src/main.c ****     hrng.Instance = RNG;
 233:Core/Src/main.c ****     if (HAL_RNG_Init(&hrng) != HAL_OK)
 234:Core/Src/main.c ****     {
 235:Core/Src/main.c ****         Error_Handler();
 236:Core/Src/main.c ****     }
 237:Core/Src/main.c ****     /* USER CODE BEGIN RNG_Init 2 */
 238:Core/Src/main.c **** 
 239:Core/Src/main.c ****     /* USER CODE END RNG_Init 2 */
 240:Core/Src/main.c **** }
 241:Core/Src/main.c **** 
 242:Core/Src/main.c **** /**
 243:Core/Src/main.c ****  * @brief TIM3 Initialization Function
 244:Core/Src/main.c ****  * @param None
 245:Core/Src/main.c ****  * @retval None
 246:Core/Src/main.c ****  */
 247:Core/Src/main.c **** static void MX_TIM3_Init(void)
 248:Core/Src/main.c **** {
 249:Core/Src/main.c **** 
 250:Core/Src/main.c ****     /* USER CODE BEGIN TIM3_Init 0 */
 251:Core/Src/main.c **** 
 252:Core/Src/main.c ****     /* USER CODE END TIM3_Init 0 */
 253:Core/Src/main.c **** 
 254:Core/Src/main.c ****     TIM_ClockConfigTypeDef sClockSourceConfig = {0};
 255:Core/Src/main.c ****     TIM_MasterConfigTypeDef sMasterConfig = {0};
 256:Core/Src/main.c **** 
 257:Core/Src/main.c ****     /* USER CODE BEGIN TIM3_Init 1 */
 258:Core/Src/main.c **** 
 259:Core/Src/main.c ****     /* USER CODE END TIM3_Init 1 */
ARM GAS  C:\Users\sagep\AppData\Local\Temp\ccfiPGEk.s 			page 6


 260:Core/Src/main.c ****     htim3.Instance = TIM3;
 261:Core/Src/main.c ****     htim3.Init.Prescaler = 399;
 262:Core/Src/main.c ****     htim3.Init.CounterMode = TIM_COUNTERMODE_UP;
 263:Core/Src/main.c ****     htim3.Init.Period = 49999;
 264:Core/Src/main.c ****     htim3.Init.ClockDivision = TIM_CLOCKDIVISION_DIV4;
 265:Core/Src/main.c ****     htim3.Init.AutoReloadPreload = TIM_AUTORELOAD_PRELOAD_ENABLE;
 266:Core/Src/main.c ****     if (HAL_TIM_Base_Init(&htim3) != HAL_OK)
 267:Core/Src/main.c ****     {
 268:Core/Src/main.c ****         Error_Handler();
 269:Core/Src/main.c ****     }
 270:Core/Src/main.c ****     sClockSourceConfig.ClockSource = TIM_CLOCKSOURCE_INTERNAL;
 271:Core/Src/main.c ****     if (HAL_TIM_ConfigClockSource(&htim3, &sClockSourceConfig) != HAL_OK)
 272:Core/Src/main.c ****     {
 273:Core/Src/main.c ****         Error_Handler();
 274:Core/Src/main.c ****     }
 275:Core/Src/main.c ****     sMasterConfig.MasterOutputTrigger = TIM_TRGO_RESET;
 276:Core/Src/main.c ****     sMasterConfig.MasterSlaveMode = TIM_MASTERSLAVEMODE_DISABLE;
 277:Core/Src/main.c ****     if (HAL_TIMEx_MasterConfigSynchronization(&htim3, &sMasterConfig) != HAL_OK)
 278:Core/Src/main.c ****     {
 279:Core/Src/main.c ****         Error_Handler();
 280:Core/Src/main.c ****     }
 281:Core/Src/main.c ****     /* USER CODE BEGIN TIM3_Init 2 */
 282:Core/Src/main.c **** 
 283:Core/Src/main.c ****     /* USER CODE END TIM3_Init 2 */
 284:Core/Src/main.c **** }
 285:Core/Src/main.c **** 
 286:Core/Src/main.c **** /**
 287:Core/Src/main.c ****  * @brief USART2 Initialization Function
 288:Core/Src/main.c ****  * @param None
 289:Core/Src/main.c ****  * @retval None
 290:Core/Src/main.c ****  */
 291:Core/Src/main.c **** static void MX_USART2_UART_Init(void)
 292:Core/Src/main.c **** {
 293:Core/Src/main.c **** 
 294:Core/Src/main.c ****     /* USER CODE BEGIN USART2_Init 0 */
 295:Core/Src/main.c **** 
 296:Core/Src/main.c ****     /* USER CODE END USART2_Init 0 */
 297:Core/Src/main.c **** 
 298:Core/Src/main.c ****     /* USER CODE BEGIN USART2_Init 1 */
 299:Core/Src/main.c **** 
 300:Core/Src/main.c ****     /* USER CODE END USART2_Init 1 */
 301:Core/Src/main.c ****     huart2.Instance = USART2;
 302:Core/Src/main.c ****     huart2.Init.BaudRate = 115200;
 303:Core/Src/main.c ****     huart2.Init.WordLength = UART_WORDLENGTH_8B;
 304:Core/Src/main.c ****     huart2.Init.StopBits = UART_STOPBITS_1;
 305:Core/Src/main.c ****     huart2.Init.Parity = UART_PARITY_NONE;
 306:Core/Src/main.c ****     huart2.Init.Mode = UART_MODE_TX_RX;
 307:Core/Src/main.c ****     huart2.Init.HwFlowCtl = UART_HWCONTROL_NONE;
 308:Core/Src/main.c ****     huart2.Init.OverSampling = UART_OVERSAMPLING_16;
 309:Core/Src/main.c ****     huart2.Init.OneBitSampling = UART_ONE_BIT_SAMPLE_DISABLE;
 310:Core/Src/main.c ****     huart2.AdvancedInit.AdvFeatureInit = UART_ADVFEATURE_NO_INIT;
 311:Core/Src/main.c ****     if (HAL_UART_Init(&huart2) != HAL_OK)
 312:Core/Src/main.c ****     {
 313:Core/Src/main.c ****         Error_Handler();
 314:Core/Src/main.c ****     }
 315:Core/Src/main.c ****     /* USER CODE BEGIN USART2_Init 2 */
 316:Core/Src/main.c **** 
ARM GAS  C:\Users\sagep\AppData\Local\Temp\ccfiPGEk.s 			page 7


 317:Core/Src/main.c ****     /* USER CODE END USART2_Init 2 */
 318:Core/Src/main.c **** }
 319:Core/Src/main.c **** 
 320:Core/Src/main.c **** /**
 321:Core/Src/main.c ****  * @brief GPIO Initialization Function
 322:Core/Src/main.c ****  * @param None
 323:Core/Src/main.c ****  * @retval None
 324:Core/Src/main.c ****  */
 325:Core/Src/main.c **** static void MX_GPIO_Init(void)
 326:Core/Src/main.c **** {
  28              		.loc 1 326 1 view -0
  29              		.cfi_startproc
  30              		@ args = 0, pretend = 0, frame = 40
  31              		@ frame_needed = 0, uses_anonymous_args = 0
  32 0000 70B5     		push	{r4, r5, r6, lr}
  33              	.LCFI0:
  34              		.cfi_def_cfa_offset 16
  35              		.cfi_offset 4, -16
  36              		.cfi_offset 5, -12
  37              		.cfi_offset 6, -8
  38              		.cfi_offset 14, -4
  39 0002 8AB0     		sub	sp, sp, #40
  40              	.LCFI1:
  41              		.cfi_def_cfa_offset 56
 327:Core/Src/main.c ****     GPIO_InitTypeDef GPIO_InitStruct = {0};
  42              		.loc 1 327 5 view .LVU1
  43              		.loc 1 327 22 is_stmt 0 view .LVU2
  44 0004 0024     		movs	r4, #0
  45 0006 0594     		str	r4, [sp, #20]
  46 0008 0694     		str	r4, [sp, #24]
  47 000a 0794     		str	r4, [sp, #28]
  48 000c 0894     		str	r4, [sp, #32]
  49 000e 0994     		str	r4, [sp, #36]
 328:Core/Src/main.c ****     /* USER CODE BEGIN MX_GPIO_Init_1 */
 329:Core/Src/main.c ****     /* USER CODE END MX_GPIO_Init_1 */
 330:Core/Src/main.c **** 
 331:Core/Src/main.c ****     /* GPIO Ports Clock Enable */
 332:Core/Src/main.c ****     __HAL_RCC_GPIOC_CLK_ENABLE();
  50              		.loc 1 332 5 is_stmt 1 view .LVU3
  51              	.LBB4:
  52              		.loc 1 332 5 view .LVU4
  53              		.loc 1 332 5 view .LVU5
  54 0010 294B     		ldr	r3, .L3
  55 0012 DA6C     		ldr	r2, [r3, #76]
  56 0014 42F00402 		orr	r2, r2, #4
  57 0018 DA64     		str	r2, [r3, #76]
  58              		.loc 1 332 5 view .LVU6
  59 001a DA6C     		ldr	r2, [r3, #76]
  60 001c 02F00402 		and	r2, r2, #4
  61 0020 0192     		str	r2, [sp, #4]
  62              		.loc 1 332 5 view .LVU7
  63 0022 019A     		ldr	r2, [sp, #4]
  64              	.LBE4:
  65              		.loc 1 332 5 view .LVU8
 333:Core/Src/main.c ****     __HAL_RCC_GPIOH_CLK_ENABLE();
  66              		.loc 1 333 5 view .LVU9
  67              	.LBB5:
ARM GAS  C:\Users\sagep\AppData\Local\Temp\ccfiPGEk.s 			page 8


  68              		.loc 1 333 5 view .LVU10
  69              		.loc 1 333 5 view .LVU11
  70 0024 DA6C     		ldr	r2, [r3, #76]
  71 0026 42F08002 		orr	r2, r2, #128
  72 002a DA64     		str	r2, [r3, #76]
  73              		.loc 1 333 5 view .LVU12
  74 002c DA6C     		ldr	r2, [r3, #76]
  75 002e 02F08002 		and	r2, r2, #128
  76 0032 0292     		str	r2, [sp, #8]
  77              		.loc 1 333 5 view .LVU13
  78 0034 029A     		ldr	r2, [sp, #8]
  79              	.LBE5:
  80              		.loc 1 333 5 view .LVU14
 334:Core/Src/main.c ****     __HAL_RCC_GPIOA_CLK_ENABLE();
  81              		.loc 1 334 5 view .LVU15
  82              	.LBB6:
  83              		.loc 1 334 5 view .LVU16
  84              		.loc 1 334 5 view .LVU17
  85 0036 DA6C     		ldr	r2, [r3, #76]
  86 0038 42F00102 		orr	r2, r2, #1
  87 003c DA64     		str	r2, [r3, #76]
  88              		.loc 1 334 5 view .LVU18
  89 003e DA6C     		ldr	r2, [r3, #76]
  90 0040 02F00102 		and	r2, r2, #1
  91 0044 0392     		str	r2, [sp, #12]
  92              		.loc 1 334 5 view .LVU19
  93 0046 039A     		ldr	r2, [sp, #12]
  94              	.LBE6:
  95              		.loc 1 334 5 view .LVU20
 335:Core/Src/main.c ****     __HAL_RCC_GPIOB_CLK_ENABLE();
  96              		.loc 1 335 5 view .LVU21
  97              	.LBB7:
  98              		.loc 1 335 5 view .LVU22
  99              		.loc 1 335 5 view .LVU23
 100 0048 DA6C     		ldr	r2, [r3, #76]
 101 004a 42F00202 		orr	r2, r2, #2
 102 004e DA64     		str	r2, [r3, #76]
 103              		.loc 1 335 5 view .LVU24
 104 0050 DB6C     		ldr	r3, [r3, #76]
 105 0052 03F00203 		and	r3, r3, #2
 106 0056 0493     		str	r3, [sp, #16]
 107              		.loc 1 335 5 view .LVU25
 108 0058 049B     		ldr	r3, [sp, #16]
 109              	.LBE7:
 110              		.loc 1 335 5 view .LVU26
 336:Core/Src/main.c **** 
 337:Core/Src/main.c ****     /*Configure GPIO pin Output Level */
 338:Core/Src/main.c ****     HAL_GPIO_WritePin(LD2_GPIO_Port, LD2_Pin, GPIO_PIN_RESET);
 111              		.loc 1 338 5 view .LVU27
 112 005a 2246     		mov	r2, r4
 113 005c 2021     		movs	r1, #32
 114 005e 4FF09040 		mov	r0, #1207959552
 115 0062 FFF7FEFF 		bl	HAL_GPIO_WritePin
 116              	.LVL0:
 339:Core/Src/main.c **** 
 340:Core/Src/main.c ****     /*Configure GPIO pin Output Level */
 341:Core/Src/main.c ****     HAL_GPIO_WritePin(GPIOC, OUTPUT_PC5_Pin | OUTPUT_PC6_Pin | OUTPUT_PC8_Pin | LED_PC10_Pin | LED_
ARM GAS  C:\Users\sagep\AppData\Local\Temp\ccfiPGEk.s 			page 9


 117              		.loc 1 341 5 view .LVU28
 118 0066 154D     		ldr	r5, .L3+4
 119 0068 2246     		mov	r2, r4
 120 006a 4FF45661 		mov	r1, #3424
 121 006e 2846     		mov	r0, r5
 122 0070 FFF7FEFF 		bl	HAL_GPIO_WritePin
 123              	.LVL1:
 342:Core/Src/main.c ****                       GPIO_PIN_RESET);
 343:Core/Src/main.c **** 
 344:Core/Src/main.c ****     /*Configure GPIO pin : B1_Pin */
 345:Core/Src/main.c ****     GPIO_InitStruct.Pin = B1_Pin;
 124              		.loc 1 345 5 view .LVU29
 125              		.loc 1 345 25 is_stmt 0 view .LVU30
 126 0074 4FF40053 		mov	r3, #8192
 127 0078 0593     		str	r3, [sp, #20]
 346:Core/Src/main.c ****     GPIO_InitStruct.Mode = GPIO_MODE_IT_FALLING;
 128              		.loc 1 346 5 is_stmt 1 view .LVU31
 129              		.loc 1 346 26 is_stmt 0 view .LVU32
 130 007a 4FF40413 		mov	r3, #2162688
 131 007e 0693     		str	r3, [sp, #24]
 347:Core/Src/main.c ****     GPIO_InitStruct.Pull = GPIO_NOPULL;
 132              		.loc 1 347 5 is_stmt 1 view .LVU33
 133              		.loc 1 347 26 is_stmt 0 view .LVU34
 134 0080 0794     		str	r4, [sp, #28]
 348:Core/Src/main.c ****     HAL_GPIO_Init(B1_GPIO_Port, &GPIO_InitStruct);
 135              		.loc 1 348 5 is_stmt 1 view .LVU35
 136 0082 05A9     		add	r1, sp, #20
 137 0084 2846     		mov	r0, r5
 138 0086 FFF7FEFF 		bl	HAL_GPIO_Init
 139              	.LVL2:
 349:Core/Src/main.c **** 
 350:Core/Src/main.c ****     /*Configure GPIO pin : LD2_Pin */
 351:Core/Src/main.c ****     GPIO_InitStruct.Pin = LD2_Pin;
 140              		.loc 1 351 5 view .LVU36
 141              		.loc 1 351 25 is_stmt 0 view .LVU37
 142 008a 2023     		movs	r3, #32
 143 008c 0593     		str	r3, [sp, #20]
 352:Core/Src/main.c ****     GPIO_InitStruct.Mode = GPIO_MODE_OUTPUT_PP;
 144              		.loc 1 352 5 is_stmt 1 view .LVU38
 145              		.loc 1 352 26 is_stmt 0 view .LVU39
 146 008e 0126     		movs	r6, #1
 147 0090 0696     		str	r6, [sp, #24]
 353:Core/Src/main.c ****     GPIO_InitStruct.Pull = GPIO_NOPULL;
 148              		.loc 1 353 5 is_stmt 1 view .LVU40
 149              		.loc 1 353 26 is_stmt 0 view .LVU41
 150 0092 0794     		str	r4, [sp, #28]
 354:Core/Src/main.c ****     GPIO_InitStruct.Speed = GPIO_SPEED_FREQ_LOW;
 151              		.loc 1 354 5 is_stmt 1 view .LVU42
 152              		.loc 1 354 27 is_stmt 0 view .LVU43
 153 0094 0894     		str	r4, [sp, #32]
 355:Core/Src/main.c ****     HAL_GPIO_Init(LD2_GPIO_Port, &GPIO_InitStruct);
 154              		.loc 1 355 5 is_stmt 1 view .LVU44
 155 0096 05A9     		add	r1, sp, #20
 156 0098 4FF09040 		mov	r0, #1207959552
 157 009c FFF7FEFF 		bl	HAL_GPIO_Init
 158              	.LVL3:
 356:Core/Src/main.c **** 
ARM GAS  C:\Users\sagep\AppData\Local\Temp\ccfiPGEk.s 			page 10


 357:Core/Src/main.c ****     /*Configure GPIO pins : OUTPUT_PC5_Pin OUTPUT_PC6_Pin OUTPUT_PC8_Pin LED_PC10_Pin
 358:Core/Src/main.c ****                              LED_PC11_Pin */
 359:Core/Src/main.c ****     GPIO_InitStruct.Pin = OUTPUT_PC5_Pin | OUTPUT_PC6_Pin | OUTPUT_PC8_Pin | LED_PC10_Pin | LED_PC1
 159              		.loc 1 359 5 view .LVU45
 160              		.loc 1 359 25 is_stmt 0 view .LVU46
 161 00a0 4FF45663 		mov	r3, #3424
 162 00a4 0593     		str	r3, [sp, #20]
 360:Core/Src/main.c ****     GPIO_InitStruct.Mode = GPIO_MODE_OUTPUT_PP;
 163              		.loc 1 360 5 is_stmt 1 view .LVU47
 164              		.loc 1 360 26 is_stmt 0 view .LVU48
 165 00a6 0696     		str	r6, [sp, #24]
 361:Core/Src/main.c ****     GPIO_InitStruct.Pull = GPIO_NOPULL;
 166              		.loc 1 361 5 is_stmt 1 view .LVU49
 167              		.loc 1 361 26 is_stmt 0 view .LVU50
 168 00a8 0794     		str	r4, [sp, #28]
 362:Core/Src/main.c ****     GPIO_InitStruct.Speed = GPIO_SPEED_FREQ_LOW;
 169              		.loc 1 362 5 is_stmt 1 view .LVU51
 170              		.loc 1 362 27 is_stmt 0 view .LVU52
 171 00aa 0894     		str	r4, [sp, #32]
 363:Core/Src/main.c ****     HAL_GPIO_Init(GPIOC, &GPIO_InitStruct);
 172              		.loc 1 363 5 is_stmt 1 view .LVU53
 173 00ac 05A9     		add	r1, sp, #20
 174 00ae 2846     		mov	r0, r5
 175 00b0 FFF7FEFF 		bl	HAL_GPIO_Init
 176              	.LVL4:
 364:Core/Src/main.c **** 
 365:Core/Src/main.c ****     /* USER CODE BEGIN MX_GPIO_Init_2 */
 366:Core/Src/main.c ****     /* USER CODE END MX_GPIO_Init_2 */
 367:Core/Src/main.c **** }
 177              		.loc 1 367 1 is_stmt 0 view .LVU54
 178 00b4 0AB0     		add	sp, sp, #40
 179              	.LCFI2:
 180              		.cfi_def_cfa_offset 16
 181              		@ sp needed
 182 00b6 70BD     		pop	{r4, r5, r6, pc}
 183              	.L4:
 184              		.align	2
 185              	.L3:
 186 00b8 00100240 		.word	1073876992
 187 00bc 00080048 		.word	1207961600
 188              		.cfi_endproc
 189              	.LFE138:
 191              		.section	.text.Error_Handler,"ax",%progbits
 192              		.align	1
 193              		.global	Error_Handler
 194              		.syntax unified
 195              		.thumb
 196              		.thumb_func
 198              	Error_Handler:
 199              	.LFB139:
 368:Core/Src/main.c **** 
 369:Core/Src/main.c **** /* USER CODE BEGIN 4 */
 370:Core/Src/main.c **** 
 371:Core/Src/main.c **** /* USER CODE END 4 */
 372:Core/Src/main.c **** 
 373:Core/Src/main.c **** /**
 374:Core/Src/main.c ****  * @brief  This function is executed in case of error occurrence.
ARM GAS  C:\Users\sagep\AppData\Local\Temp\ccfiPGEk.s 			page 11


 375:Core/Src/main.c ****  * @retval None
 376:Core/Src/main.c ****  */
 377:Core/Src/main.c **** void Error_Handler(void)
 378:Core/Src/main.c **** {
 200              		.loc 1 378 1 is_stmt 1 view -0
 201              		.cfi_startproc
 202              		@ Volatile: function does not return.
 203              		@ args = 0, pretend = 0, frame = 0
 204              		@ frame_needed = 0, uses_anonymous_args = 0
 205              		@ link register save eliminated.
 379:Core/Src/main.c ****     /* USER CODE BEGIN Error_Handler_Debug */
 380:Core/Src/main.c ****     /* User can add his own implementation to report the HAL error return state */
 381:Core/Src/main.c ****     __disable_irq();
 206              		.loc 1 381 5 view .LVU56
 207              	.LBB8:
 208              	.LBI8:
 209              		.file 2 "Drivers/CMSIS/Include/cmsis_gcc.h"
   1:Drivers/CMSIS/Include/cmsis_gcc.h **** /**************************************************************************//**
   2:Drivers/CMSIS/Include/cmsis_gcc.h ****  * @file     cmsis_gcc.h
   3:Drivers/CMSIS/Include/cmsis_gcc.h ****  * @brief    CMSIS compiler GCC header file
   4:Drivers/CMSIS/Include/cmsis_gcc.h ****  * @version  V5.2.0
   5:Drivers/CMSIS/Include/cmsis_gcc.h ****  * @date     08. May 2019
   6:Drivers/CMSIS/Include/cmsis_gcc.h ****  ******************************************************************************/
   7:Drivers/CMSIS/Include/cmsis_gcc.h **** /*
   8:Drivers/CMSIS/Include/cmsis_gcc.h ****  * Copyright (c) 2009-2019 Arm Limited. All rights reserved.
   9:Drivers/CMSIS/Include/cmsis_gcc.h ****  *
  10:Drivers/CMSIS/Include/cmsis_gcc.h ****  * SPDX-License-Identifier: Apache-2.0
  11:Drivers/CMSIS/Include/cmsis_gcc.h ****  *
  12:Drivers/CMSIS/Include/cmsis_gcc.h ****  * Licensed under the Apache License, Version 2.0 (the License); you may
  13:Drivers/CMSIS/Include/cmsis_gcc.h ****  * not use this file except in compliance with the License.
  14:Drivers/CMSIS/Include/cmsis_gcc.h ****  * You may obtain a copy of the License at
  15:Drivers/CMSIS/Include/cmsis_gcc.h ****  *
  16:Drivers/CMSIS/Include/cmsis_gcc.h ****  * www.apache.org/licenses/LICENSE-2.0
  17:Drivers/CMSIS/Include/cmsis_gcc.h ****  *
  18:Drivers/CMSIS/Include/cmsis_gcc.h ****  * Unless required by applicable law or agreed to in writing, software
  19:Drivers/CMSIS/Include/cmsis_gcc.h ****  * distributed under the License is distributed on an AS IS BASIS, WITHOUT
  20:Drivers/CMSIS/Include/cmsis_gcc.h ****  * WARRANTIES OR CONDITIONS OF ANY KIND, either express or implied.
  21:Drivers/CMSIS/Include/cmsis_gcc.h ****  * See the License for the specific language governing permissions and
  22:Drivers/CMSIS/Include/cmsis_gcc.h ****  * limitations under the License.
  23:Drivers/CMSIS/Include/cmsis_gcc.h ****  */
  24:Drivers/CMSIS/Include/cmsis_gcc.h **** 
  25:Drivers/CMSIS/Include/cmsis_gcc.h **** #ifndef __CMSIS_GCC_H
  26:Drivers/CMSIS/Include/cmsis_gcc.h **** #define __CMSIS_GCC_H
  27:Drivers/CMSIS/Include/cmsis_gcc.h **** 
  28:Drivers/CMSIS/Include/cmsis_gcc.h **** /* ignore some GCC warnings */
  29:Drivers/CMSIS/Include/cmsis_gcc.h **** #pragma GCC diagnostic push
  30:Drivers/CMSIS/Include/cmsis_gcc.h **** #pragma GCC diagnostic ignored "-Wsign-conversion"
  31:Drivers/CMSIS/Include/cmsis_gcc.h **** #pragma GCC diagnostic ignored "-Wconversion"
  32:Drivers/CMSIS/Include/cmsis_gcc.h **** #pragma GCC diagnostic ignored "-Wunused-parameter"
  33:Drivers/CMSIS/Include/cmsis_gcc.h **** 
  34:Drivers/CMSIS/Include/cmsis_gcc.h **** /* Fallback for __has_builtin */
  35:Drivers/CMSIS/Include/cmsis_gcc.h **** #ifndef __has_builtin
  36:Drivers/CMSIS/Include/cmsis_gcc.h ****   #define __has_builtin(x) (0)
  37:Drivers/CMSIS/Include/cmsis_gcc.h **** #endif
  38:Drivers/CMSIS/Include/cmsis_gcc.h **** 
  39:Drivers/CMSIS/Include/cmsis_gcc.h **** /* CMSIS compiler specific defines */
  40:Drivers/CMSIS/Include/cmsis_gcc.h **** #ifndef   __ASM
ARM GAS  C:\Users\sagep\AppData\Local\Temp\ccfiPGEk.s 			page 12


  41:Drivers/CMSIS/Include/cmsis_gcc.h ****   #define __ASM                                  __asm
  42:Drivers/CMSIS/Include/cmsis_gcc.h **** #endif
  43:Drivers/CMSIS/Include/cmsis_gcc.h **** #ifndef   __INLINE
  44:Drivers/CMSIS/Include/cmsis_gcc.h ****   #define __INLINE                               inline
  45:Drivers/CMSIS/Include/cmsis_gcc.h **** #endif
  46:Drivers/CMSIS/Include/cmsis_gcc.h **** #ifndef   __STATIC_INLINE
  47:Drivers/CMSIS/Include/cmsis_gcc.h ****   #define __STATIC_INLINE                        static inline
  48:Drivers/CMSIS/Include/cmsis_gcc.h **** #endif
  49:Drivers/CMSIS/Include/cmsis_gcc.h **** #ifndef   __STATIC_FORCEINLINE                 
  50:Drivers/CMSIS/Include/cmsis_gcc.h ****   #define __STATIC_FORCEINLINE                   __attribute__((always_inline)) static inline
  51:Drivers/CMSIS/Include/cmsis_gcc.h **** #endif                                           
  52:Drivers/CMSIS/Include/cmsis_gcc.h **** #ifndef   __NO_RETURN
  53:Drivers/CMSIS/Include/cmsis_gcc.h ****   #define __NO_RETURN                            __attribute__((__noreturn__))
  54:Drivers/CMSIS/Include/cmsis_gcc.h **** #endif
  55:Drivers/CMSIS/Include/cmsis_gcc.h **** #ifndef   __USED
  56:Drivers/CMSIS/Include/cmsis_gcc.h ****   #define __USED                                 __attribute__((used))
  57:Drivers/CMSIS/Include/cmsis_gcc.h **** #endif
  58:Drivers/CMSIS/Include/cmsis_gcc.h **** #ifndef   __WEAK
  59:Drivers/CMSIS/Include/cmsis_gcc.h ****   #define __WEAK                                 __attribute__((weak))
  60:Drivers/CMSIS/Include/cmsis_gcc.h **** #endif
  61:Drivers/CMSIS/Include/cmsis_gcc.h **** #ifndef   __PACKED
  62:Drivers/CMSIS/Include/cmsis_gcc.h ****   #define __PACKED                               __attribute__((packed, aligned(1)))
  63:Drivers/CMSIS/Include/cmsis_gcc.h **** #endif
  64:Drivers/CMSIS/Include/cmsis_gcc.h **** #ifndef   __PACKED_STRUCT
  65:Drivers/CMSIS/Include/cmsis_gcc.h ****   #define __PACKED_STRUCT                        struct __attribute__((packed, aligned(1)))
  66:Drivers/CMSIS/Include/cmsis_gcc.h **** #endif
  67:Drivers/CMSIS/Include/cmsis_gcc.h **** #ifndef   __PACKED_UNION
  68:Drivers/CMSIS/Include/cmsis_gcc.h ****   #define __PACKED_UNION                         union __attribute__((packed, aligned(1)))
  69:Drivers/CMSIS/Include/cmsis_gcc.h **** #endif
  70:Drivers/CMSIS/Include/cmsis_gcc.h **** #ifndef   __UNALIGNED_UINT32        /* deprecated */
  71:Drivers/CMSIS/Include/cmsis_gcc.h ****   #pragma GCC diagnostic push
  72:Drivers/CMSIS/Include/cmsis_gcc.h ****   #pragma GCC diagnostic ignored "-Wpacked"
  73:Drivers/CMSIS/Include/cmsis_gcc.h ****   #pragma GCC diagnostic ignored "-Wattributes"
  74:Drivers/CMSIS/Include/cmsis_gcc.h ****   struct __attribute__((packed)) T_UINT32 { uint32_t v; };
  75:Drivers/CMSIS/Include/cmsis_gcc.h ****   #pragma GCC diagnostic pop
  76:Drivers/CMSIS/Include/cmsis_gcc.h ****   #define __UNALIGNED_UINT32(x)                  (((struct T_UINT32 *)(x))->v)
  77:Drivers/CMSIS/Include/cmsis_gcc.h **** #endif
  78:Drivers/CMSIS/Include/cmsis_gcc.h **** #ifndef   __UNALIGNED_UINT16_WRITE
  79:Drivers/CMSIS/Include/cmsis_gcc.h ****   #pragma GCC diagnostic push
  80:Drivers/CMSIS/Include/cmsis_gcc.h ****   #pragma GCC diagnostic ignored "-Wpacked"
  81:Drivers/CMSIS/Include/cmsis_gcc.h ****   #pragma GCC diagnostic ignored "-Wattributes"
  82:Drivers/CMSIS/Include/cmsis_gcc.h ****   __PACKED_STRUCT T_UINT16_WRITE { uint16_t v; };
  83:Drivers/CMSIS/Include/cmsis_gcc.h ****   #pragma GCC diagnostic pop
  84:Drivers/CMSIS/Include/cmsis_gcc.h ****   #define __UNALIGNED_UINT16_WRITE(addr, val)    (void)((((struct T_UINT16_WRITE *)(void *)(addr))-
  85:Drivers/CMSIS/Include/cmsis_gcc.h **** #endif
  86:Drivers/CMSIS/Include/cmsis_gcc.h **** #ifndef   __UNALIGNED_UINT16_READ
  87:Drivers/CMSIS/Include/cmsis_gcc.h ****   #pragma GCC diagnostic push
  88:Drivers/CMSIS/Include/cmsis_gcc.h ****   #pragma GCC diagnostic ignored "-Wpacked"
  89:Drivers/CMSIS/Include/cmsis_gcc.h ****   #pragma GCC diagnostic ignored "-Wattributes"
  90:Drivers/CMSIS/Include/cmsis_gcc.h ****   __PACKED_STRUCT T_UINT16_READ { uint16_t v; };
  91:Drivers/CMSIS/Include/cmsis_gcc.h ****   #pragma GCC diagnostic pop
  92:Drivers/CMSIS/Include/cmsis_gcc.h ****   #define __UNALIGNED_UINT16_READ(addr)          (((const struct T_UINT16_READ *)(const void *)(add
  93:Drivers/CMSIS/Include/cmsis_gcc.h **** #endif
  94:Drivers/CMSIS/Include/cmsis_gcc.h **** #ifndef   __UNALIGNED_UINT32_WRITE
  95:Drivers/CMSIS/Include/cmsis_gcc.h ****   #pragma GCC diagnostic push
  96:Drivers/CMSIS/Include/cmsis_gcc.h ****   #pragma GCC diagnostic ignored "-Wpacked"
  97:Drivers/CMSIS/Include/cmsis_gcc.h ****   #pragma GCC diagnostic ignored "-Wattributes"
ARM GAS  C:\Users\sagep\AppData\Local\Temp\ccfiPGEk.s 			page 13


  98:Drivers/CMSIS/Include/cmsis_gcc.h ****   __PACKED_STRUCT T_UINT32_WRITE { uint32_t v; };
  99:Drivers/CMSIS/Include/cmsis_gcc.h ****   #pragma GCC diagnostic pop
 100:Drivers/CMSIS/Include/cmsis_gcc.h ****   #define __UNALIGNED_UINT32_WRITE(addr, val)    (void)((((struct T_UINT32_WRITE *)(void *)(addr))-
 101:Drivers/CMSIS/Include/cmsis_gcc.h **** #endif
 102:Drivers/CMSIS/Include/cmsis_gcc.h **** #ifndef   __UNALIGNED_UINT32_READ
 103:Drivers/CMSIS/Include/cmsis_gcc.h ****   #pragma GCC diagnostic push
 104:Drivers/CMSIS/Include/cmsis_gcc.h ****   #pragma GCC diagnostic ignored "-Wpacked"
 105:Drivers/CMSIS/Include/cmsis_gcc.h ****   #pragma GCC diagnostic ignored "-Wattributes"
 106:Drivers/CMSIS/Include/cmsis_gcc.h ****   __PACKED_STRUCT T_UINT32_READ { uint32_t v; };
 107:Drivers/CMSIS/Include/cmsis_gcc.h ****   #pragma GCC diagnostic pop
 108:Drivers/CMSIS/Include/cmsis_gcc.h ****   #define __UNALIGNED_UINT32_READ(addr)          (((const struct T_UINT32_READ *)(const void *)(add
 109:Drivers/CMSIS/Include/cmsis_gcc.h **** #endif
 110:Drivers/CMSIS/Include/cmsis_gcc.h **** #ifndef   __ALIGNED
 111:Drivers/CMSIS/Include/cmsis_gcc.h ****   #define __ALIGNED(x)                           __attribute__((aligned(x)))
 112:Drivers/CMSIS/Include/cmsis_gcc.h **** #endif
 113:Drivers/CMSIS/Include/cmsis_gcc.h **** #ifndef   __RESTRICT
 114:Drivers/CMSIS/Include/cmsis_gcc.h ****   #define __RESTRICT                             __restrict
 115:Drivers/CMSIS/Include/cmsis_gcc.h **** #endif
 116:Drivers/CMSIS/Include/cmsis_gcc.h **** #ifndef   __COMPILER_BARRIER
 117:Drivers/CMSIS/Include/cmsis_gcc.h ****   #define __COMPILER_BARRIER()                   __ASM volatile("":::"memory")
 118:Drivers/CMSIS/Include/cmsis_gcc.h **** #endif
 119:Drivers/CMSIS/Include/cmsis_gcc.h **** 
 120:Drivers/CMSIS/Include/cmsis_gcc.h **** /* #########################  Startup and Lowlevel Init  ######################## */
 121:Drivers/CMSIS/Include/cmsis_gcc.h **** 
 122:Drivers/CMSIS/Include/cmsis_gcc.h **** #ifndef __PROGRAM_START
 123:Drivers/CMSIS/Include/cmsis_gcc.h **** 
 124:Drivers/CMSIS/Include/cmsis_gcc.h **** /**
 125:Drivers/CMSIS/Include/cmsis_gcc.h ****   \brief   Initializes data and bss sections
 126:Drivers/CMSIS/Include/cmsis_gcc.h ****   \details This default implementations initialized all data and additional bss
 127:Drivers/CMSIS/Include/cmsis_gcc.h ****            sections relying on .copy.table and .zero.table specified properly
 128:Drivers/CMSIS/Include/cmsis_gcc.h ****            in the used linker script.
 129:Drivers/CMSIS/Include/cmsis_gcc.h ****   
 130:Drivers/CMSIS/Include/cmsis_gcc.h ****  */
 131:Drivers/CMSIS/Include/cmsis_gcc.h **** __STATIC_FORCEINLINE __NO_RETURN void __cmsis_start(void)
 132:Drivers/CMSIS/Include/cmsis_gcc.h **** {
 133:Drivers/CMSIS/Include/cmsis_gcc.h ****   extern void _start(void) __NO_RETURN;
 134:Drivers/CMSIS/Include/cmsis_gcc.h ****   
 135:Drivers/CMSIS/Include/cmsis_gcc.h ****   typedef struct {
 136:Drivers/CMSIS/Include/cmsis_gcc.h ****     uint32_t const* src;
 137:Drivers/CMSIS/Include/cmsis_gcc.h ****     uint32_t* dest;
 138:Drivers/CMSIS/Include/cmsis_gcc.h ****     uint32_t  wlen;
 139:Drivers/CMSIS/Include/cmsis_gcc.h ****   } __copy_table_t;
 140:Drivers/CMSIS/Include/cmsis_gcc.h ****   
 141:Drivers/CMSIS/Include/cmsis_gcc.h ****   typedef struct {
 142:Drivers/CMSIS/Include/cmsis_gcc.h ****     uint32_t* dest;
 143:Drivers/CMSIS/Include/cmsis_gcc.h ****     uint32_t  wlen;
 144:Drivers/CMSIS/Include/cmsis_gcc.h ****   } __zero_table_t;
 145:Drivers/CMSIS/Include/cmsis_gcc.h ****   
 146:Drivers/CMSIS/Include/cmsis_gcc.h ****   extern const __copy_table_t __copy_table_start__;
 147:Drivers/CMSIS/Include/cmsis_gcc.h ****   extern const __copy_table_t __copy_table_end__;
 148:Drivers/CMSIS/Include/cmsis_gcc.h ****   extern const __zero_table_t __zero_table_start__;
 149:Drivers/CMSIS/Include/cmsis_gcc.h ****   extern const __zero_table_t __zero_table_end__;
 150:Drivers/CMSIS/Include/cmsis_gcc.h **** 
 151:Drivers/CMSIS/Include/cmsis_gcc.h ****   for (__copy_table_t const* pTable = &__copy_table_start__; pTable < &__copy_table_end__; ++pTable
 152:Drivers/CMSIS/Include/cmsis_gcc.h ****     for(uint32_t i=0u; i<pTable->wlen; ++i) {
 153:Drivers/CMSIS/Include/cmsis_gcc.h ****       pTable->dest[i] = pTable->src[i];
 154:Drivers/CMSIS/Include/cmsis_gcc.h ****     }
ARM GAS  C:\Users\sagep\AppData\Local\Temp\ccfiPGEk.s 			page 14


 155:Drivers/CMSIS/Include/cmsis_gcc.h ****   }
 156:Drivers/CMSIS/Include/cmsis_gcc.h ****  
 157:Drivers/CMSIS/Include/cmsis_gcc.h ****   for (__zero_table_t const* pTable = &__zero_table_start__; pTable < &__zero_table_end__; ++pTable
 158:Drivers/CMSIS/Include/cmsis_gcc.h ****     for(uint32_t i=0u; i<pTable->wlen; ++i) {
 159:Drivers/CMSIS/Include/cmsis_gcc.h ****       pTable->dest[i] = 0u;
 160:Drivers/CMSIS/Include/cmsis_gcc.h ****     }
 161:Drivers/CMSIS/Include/cmsis_gcc.h ****   }
 162:Drivers/CMSIS/Include/cmsis_gcc.h ****  
 163:Drivers/CMSIS/Include/cmsis_gcc.h ****   _start();
 164:Drivers/CMSIS/Include/cmsis_gcc.h **** }
 165:Drivers/CMSIS/Include/cmsis_gcc.h ****   
 166:Drivers/CMSIS/Include/cmsis_gcc.h **** #define __PROGRAM_START           __cmsis_start
 167:Drivers/CMSIS/Include/cmsis_gcc.h **** #endif
 168:Drivers/CMSIS/Include/cmsis_gcc.h **** 
 169:Drivers/CMSIS/Include/cmsis_gcc.h **** #ifndef __INITIAL_SP
 170:Drivers/CMSIS/Include/cmsis_gcc.h **** #define __INITIAL_SP              __StackTop
 171:Drivers/CMSIS/Include/cmsis_gcc.h **** #endif
 172:Drivers/CMSIS/Include/cmsis_gcc.h **** 
 173:Drivers/CMSIS/Include/cmsis_gcc.h **** #ifndef __STACK_LIMIT
 174:Drivers/CMSIS/Include/cmsis_gcc.h **** #define __STACK_LIMIT             __StackLimit
 175:Drivers/CMSIS/Include/cmsis_gcc.h **** #endif
 176:Drivers/CMSIS/Include/cmsis_gcc.h **** 
 177:Drivers/CMSIS/Include/cmsis_gcc.h **** #ifndef __VECTOR_TABLE
 178:Drivers/CMSIS/Include/cmsis_gcc.h **** #define __VECTOR_TABLE            __Vectors
 179:Drivers/CMSIS/Include/cmsis_gcc.h **** #endif
 180:Drivers/CMSIS/Include/cmsis_gcc.h **** 
 181:Drivers/CMSIS/Include/cmsis_gcc.h **** #ifndef __VECTOR_TABLE_ATTRIBUTE
 182:Drivers/CMSIS/Include/cmsis_gcc.h **** #define __VECTOR_TABLE_ATTRIBUTE  __attribute((used, section(".vectors")))
 183:Drivers/CMSIS/Include/cmsis_gcc.h **** #endif
 184:Drivers/CMSIS/Include/cmsis_gcc.h **** 
 185:Drivers/CMSIS/Include/cmsis_gcc.h **** /* ###########################  Core Function Access  ########################### */
 186:Drivers/CMSIS/Include/cmsis_gcc.h **** /** \ingroup  CMSIS_Core_FunctionInterface
 187:Drivers/CMSIS/Include/cmsis_gcc.h ****     \defgroup CMSIS_Core_RegAccFunctions CMSIS Core Register Access Functions
 188:Drivers/CMSIS/Include/cmsis_gcc.h ****   @{
 189:Drivers/CMSIS/Include/cmsis_gcc.h ****  */
 190:Drivers/CMSIS/Include/cmsis_gcc.h **** 
 191:Drivers/CMSIS/Include/cmsis_gcc.h **** /**
 192:Drivers/CMSIS/Include/cmsis_gcc.h ****   \brief   Enable IRQ Interrupts
 193:Drivers/CMSIS/Include/cmsis_gcc.h ****   \details Enables IRQ interrupts by clearing the I-bit in the CPSR.
 194:Drivers/CMSIS/Include/cmsis_gcc.h ****            Can only be executed in Privileged modes.
 195:Drivers/CMSIS/Include/cmsis_gcc.h ****  */
 196:Drivers/CMSIS/Include/cmsis_gcc.h **** __STATIC_FORCEINLINE void __enable_irq(void)
 197:Drivers/CMSIS/Include/cmsis_gcc.h **** {
 198:Drivers/CMSIS/Include/cmsis_gcc.h ****   __ASM volatile ("cpsie i" : : : "memory");
 199:Drivers/CMSIS/Include/cmsis_gcc.h **** }
 200:Drivers/CMSIS/Include/cmsis_gcc.h **** 
 201:Drivers/CMSIS/Include/cmsis_gcc.h **** 
 202:Drivers/CMSIS/Include/cmsis_gcc.h **** /**
 203:Drivers/CMSIS/Include/cmsis_gcc.h ****   \brief   Disable IRQ Interrupts
 204:Drivers/CMSIS/Include/cmsis_gcc.h ****   \details Disables IRQ interrupts by setting the I-bit in the CPSR.
 205:Drivers/CMSIS/Include/cmsis_gcc.h ****            Can only be executed in Privileged modes.
 206:Drivers/CMSIS/Include/cmsis_gcc.h ****  */
 207:Drivers/CMSIS/Include/cmsis_gcc.h **** __STATIC_FORCEINLINE void __disable_irq(void)
 210              		.loc 2 207 27 view .LVU57
 211              	.LBB9:
 208:Drivers/CMSIS/Include/cmsis_gcc.h **** {
 209:Drivers/CMSIS/Include/cmsis_gcc.h ****   __ASM volatile ("cpsid i" : : : "memory");
ARM GAS  C:\Users\sagep\AppData\Local\Temp\ccfiPGEk.s 			page 15


 212              		.loc 2 209 3 view .LVU58
 213              		.syntax unified
 214              	@ 209 "Drivers/CMSIS/Include/cmsis_gcc.h" 1
 215 0000 72B6     		cpsid i
 216              	@ 0 "" 2
 217              		.thumb
 218              		.syntax unified
 219              	.L6:
 220              	.LBE9:
 221              	.LBE8:
 382:Core/Src/main.c ****     while (1)
 222              		.loc 1 382 5 discriminator 1 view .LVU59
 383:Core/Src/main.c ****     {
 384:Core/Src/main.c ****     }
 223              		.loc 1 384 5 discriminator 1 view .LVU60
 382:Core/Src/main.c ****     while (1)
 224              		.loc 1 382 11 discriminator 1 view .LVU61
 225 0002 FEE7     		b	.L6
 226              		.cfi_endproc
 227              	.LFE139:
 229              		.section	.text.MX_I2C3_Init,"ax",%progbits
 230              		.align	1
 231              		.syntax unified
 232              		.thumb
 233              		.thumb_func
 235              	MX_I2C3_Init:
 236              	.LFB134:
 176:Core/Src/main.c **** 
 237              		.loc 1 176 1 view -0
 238              		.cfi_startproc
 239              		@ args = 0, pretend = 0, frame = 0
 240              		@ frame_needed = 0, uses_anonymous_args = 0
 241 0000 08B5     		push	{r3, lr}
 242              	.LCFI3:
 243              		.cfi_def_cfa_offset 8
 244              		.cfi_offset 3, -8
 245              		.cfi_offset 14, -4
 185:Core/Src/main.c ****     hi2c3.Init.Timing = 0x10909CEC;
 246              		.loc 1 185 5 view .LVU63
 185:Core/Src/main.c ****     hi2c3.Init.Timing = 0x10909CEC;
 247              		.loc 1 185 20 is_stmt 0 view .LVU64
 248 0002 1148     		ldr	r0, .L15
 249 0004 114B     		ldr	r3, .L15+4
 250 0006 0360     		str	r3, [r0]
 186:Core/Src/main.c ****     hi2c3.Init.OwnAddress1 = 0;
 251              		.loc 1 186 5 is_stmt 1 view .LVU65
 186:Core/Src/main.c ****     hi2c3.Init.OwnAddress1 = 0;
 252              		.loc 1 186 23 is_stmt 0 view .LVU66
 253 0008 114B     		ldr	r3, .L15+8
 254 000a 4360     		str	r3, [r0, #4]
 187:Core/Src/main.c ****     hi2c3.Init.AddressingMode = I2C_ADDRESSINGMODE_7BIT;
 255              		.loc 1 187 5 is_stmt 1 view .LVU67
 187:Core/Src/main.c ****     hi2c3.Init.AddressingMode = I2C_ADDRESSINGMODE_7BIT;
 256              		.loc 1 187 28 is_stmt 0 view .LVU68
 257 000c 0023     		movs	r3, #0
 258 000e 8360     		str	r3, [r0, #8]
 188:Core/Src/main.c ****     hi2c3.Init.DualAddressMode = I2C_DUALADDRESS_DISABLE;
ARM GAS  C:\Users\sagep\AppData\Local\Temp\ccfiPGEk.s 			page 16


 259              		.loc 1 188 5 is_stmt 1 view .LVU69
 188:Core/Src/main.c ****     hi2c3.Init.DualAddressMode = I2C_DUALADDRESS_DISABLE;
 260              		.loc 1 188 31 is_stmt 0 view .LVU70
 261 0010 0122     		movs	r2, #1
 262 0012 C260     		str	r2, [r0, #12]
 189:Core/Src/main.c ****     hi2c3.Init.OwnAddress2 = 0;
 263              		.loc 1 189 5 is_stmt 1 view .LVU71
 189:Core/Src/main.c ****     hi2c3.Init.OwnAddress2 = 0;
 264              		.loc 1 189 32 is_stmt 0 view .LVU72
 265 0014 0361     		str	r3, [r0, #16]
 190:Core/Src/main.c ****     hi2c3.Init.OwnAddress2Masks = I2C_OA2_NOMASK;
 266              		.loc 1 190 5 is_stmt 1 view .LVU73
 190:Core/Src/main.c ****     hi2c3.Init.OwnAddress2Masks = I2C_OA2_NOMASK;
 267              		.loc 1 190 28 is_stmt 0 view .LVU74
 268 0016 4361     		str	r3, [r0, #20]
 191:Core/Src/main.c ****     hi2c3.Init.GeneralCallMode = I2C_GENERALCALL_DISABLE;
 269              		.loc 1 191 5 is_stmt 1 view .LVU75
 191:Core/Src/main.c ****     hi2c3.Init.GeneralCallMode = I2C_GENERALCALL_DISABLE;
 270              		.loc 1 191 33 is_stmt 0 view .LVU76
 271 0018 8361     		str	r3, [r0, #24]
 192:Core/Src/main.c ****     hi2c3.Init.NoStretchMode = I2C_NOSTRETCH_DISABLE;
 272              		.loc 1 192 5 is_stmt 1 view .LVU77
 192:Core/Src/main.c ****     hi2c3.Init.NoStretchMode = I2C_NOSTRETCH_DISABLE;
 273              		.loc 1 192 32 is_stmt 0 view .LVU78
 274 001a C361     		str	r3, [r0, #28]
 193:Core/Src/main.c ****     if (HAL_I2C_Init(&hi2c3) != HAL_OK)
 275              		.loc 1 193 5 is_stmt 1 view .LVU79
 193:Core/Src/main.c ****     if (HAL_I2C_Init(&hi2c3) != HAL_OK)
 276              		.loc 1 193 30 is_stmt 0 view .LVU80
 277 001c 0362     		str	r3, [r0, #32]
 194:Core/Src/main.c ****     {
 278              		.loc 1 194 5 is_stmt 1 view .LVU81
 194:Core/Src/main.c ****     {
 279              		.loc 1 194 9 is_stmt 0 view .LVU82
 280 001e FFF7FEFF 		bl	HAL_I2C_Init
 281              	.LVL5:
 194:Core/Src/main.c ****     {
 282              		.loc 1 194 8 view .LVU83
 283 0022 50B9     		cbnz	r0, .L12
 201:Core/Src/main.c ****     {
 284              		.loc 1 201 5 is_stmt 1 view .LVU84
 201:Core/Src/main.c ****     {
 285              		.loc 1 201 9 is_stmt 0 view .LVU85
 286 0024 0021     		movs	r1, #0
 287 0026 0848     		ldr	r0, .L15
 288 0028 FFF7FEFF 		bl	HAL_I2CEx_ConfigAnalogFilter
 289              	.LVL6:
 201:Core/Src/main.c ****     {
 290              		.loc 1 201 8 view .LVU86
 291 002c 38B9     		cbnz	r0, .L13
 208:Core/Src/main.c ****     {
 292              		.loc 1 208 5 is_stmt 1 view .LVU87
 208:Core/Src/main.c ****     {
 293              		.loc 1 208 9 is_stmt 0 view .LVU88
 294 002e 0021     		movs	r1, #0
 295 0030 0548     		ldr	r0, .L15
 296 0032 FFF7FEFF 		bl	HAL_I2CEx_ConfigDigitalFilter
ARM GAS  C:\Users\sagep\AppData\Local\Temp\ccfiPGEk.s 			page 17


 297              	.LVL7:
 208:Core/Src/main.c ****     {
 298              		.loc 1 208 8 view .LVU89
 299 0036 20B9     		cbnz	r0, .L14
 215:Core/Src/main.c **** 
 300              		.loc 1 215 1 view .LVU90
 301 0038 08BD     		pop	{r3, pc}
 302              	.L12:
 196:Core/Src/main.c ****     }
 303              		.loc 1 196 9 is_stmt 1 view .LVU91
 304 003a FFF7FEFF 		bl	Error_Handler
 305              	.LVL8:
 306              	.L13:
 203:Core/Src/main.c ****     }
 307              		.loc 1 203 9 view .LVU92
 308 003e FFF7FEFF 		bl	Error_Handler
 309              	.LVL9:
 310              	.L14:
 210:Core/Src/main.c ****     }
 311              		.loc 1 210 9 view .LVU93
 312 0042 FFF7FEFF 		bl	Error_Handler
 313              	.LVL10:
 314              	.L16:
 315 0046 00BF     		.align	2
 316              	.L15:
 317 0048 00000000 		.word	hi2c3
 318 004c 005C0040 		.word	1073765376
 319 0050 EC9C9010 		.word	277912812
 320              		.cfi_endproc
 321              	.LFE134:
 323              		.section	.text.MX_RNG_Init,"ax",%progbits
 324              		.align	1
 325              		.syntax unified
 326              		.thumb
 327              		.thumb_func
 329              	MX_RNG_Init:
 330              	.LFB135:
 223:Core/Src/main.c **** 
 331              		.loc 1 223 1 view -0
 332              		.cfi_startproc
 333              		@ args = 0, pretend = 0, frame = 0
 334              		@ frame_needed = 0, uses_anonymous_args = 0
 335 0000 08B5     		push	{r3, lr}
 336              	.LCFI4:
 337              		.cfi_def_cfa_offset 8
 338              		.cfi_offset 3, -8
 339              		.cfi_offset 14, -4
 232:Core/Src/main.c ****     if (HAL_RNG_Init(&hrng) != HAL_OK)
 340              		.loc 1 232 5 view .LVU95
 232:Core/Src/main.c ****     if (HAL_RNG_Init(&hrng) != HAL_OK)
 341              		.loc 1 232 19 is_stmt 0 view .LVU96
 342 0002 0448     		ldr	r0, .L21
 343 0004 044B     		ldr	r3, .L21+4
 344 0006 0360     		str	r3, [r0]
 233:Core/Src/main.c ****     {
 345              		.loc 1 233 5 is_stmt 1 view .LVU97
 233:Core/Src/main.c ****     {
ARM GAS  C:\Users\sagep\AppData\Local\Temp\ccfiPGEk.s 			page 18


 346              		.loc 1 233 9 is_stmt 0 view .LVU98
 347 0008 FFF7FEFF 		bl	HAL_RNG_Init
 348              	.LVL11:
 233:Core/Src/main.c ****     {
 349              		.loc 1 233 8 view .LVU99
 350 000c 00B9     		cbnz	r0, .L20
 240:Core/Src/main.c **** 
 351              		.loc 1 240 1 view .LVU100
 352 000e 08BD     		pop	{r3, pc}
 353              	.L20:
 235:Core/Src/main.c ****     }
 354              		.loc 1 235 9 is_stmt 1 view .LVU101
 355 0010 FFF7FEFF 		bl	Error_Handler
 356              	.LVL12:
 357              	.L22:
 358              		.align	2
 359              	.L21:
 360 0014 00000000 		.word	hrng
 361 0018 00080650 		.word	1342572544
 362              		.cfi_endproc
 363              	.LFE135:
 365              		.section	.text.MX_USART2_UART_Init,"ax",%progbits
 366              		.align	1
 367              		.syntax unified
 368              		.thumb
 369              		.thumb_func
 371              	MX_USART2_UART_Init:
 372              	.LFB137:
 292:Core/Src/main.c **** 
 373              		.loc 1 292 1 view -0
 374              		.cfi_startproc
 375              		@ args = 0, pretend = 0, frame = 0
 376              		@ frame_needed = 0, uses_anonymous_args = 0
 377 0000 08B5     		push	{r3, lr}
 378              	.LCFI5:
 379              		.cfi_def_cfa_offset 8
 380              		.cfi_offset 3, -8
 381              		.cfi_offset 14, -4
 301:Core/Src/main.c ****     huart2.Init.BaudRate = 115200;
 382              		.loc 1 301 5 view .LVU103
 301:Core/Src/main.c ****     huart2.Init.BaudRate = 115200;
 383              		.loc 1 301 21 is_stmt 0 view .LVU104
 384 0002 0B48     		ldr	r0, .L27
 385 0004 0B4B     		ldr	r3, .L27+4
 386 0006 0360     		str	r3, [r0]
 302:Core/Src/main.c ****     huart2.Init.WordLength = UART_WORDLENGTH_8B;
 387              		.loc 1 302 5 is_stmt 1 view .LVU105
 302:Core/Src/main.c ****     huart2.Init.WordLength = UART_WORDLENGTH_8B;
 388              		.loc 1 302 26 is_stmt 0 view .LVU106
 389 0008 4FF4E133 		mov	r3, #115200
 390 000c 4360     		str	r3, [r0, #4]
 303:Core/Src/main.c ****     huart2.Init.StopBits = UART_STOPBITS_1;
 391              		.loc 1 303 5 is_stmt 1 view .LVU107
 303:Core/Src/main.c ****     huart2.Init.StopBits = UART_STOPBITS_1;
 392              		.loc 1 303 28 is_stmt 0 view .LVU108
 393 000e 0023     		movs	r3, #0
 394 0010 8360     		str	r3, [r0, #8]
ARM GAS  C:\Users\sagep\AppData\Local\Temp\ccfiPGEk.s 			page 19


 304:Core/Src/main.c ****     huart2.Init.Parity = UART_PARITY_NONE;
 395              		.loc 1 304 5 is_stmt 1 view .LVU109
 304:Core/Src/main.c ****     huart2.Init.Parity = UART_PARITY_NONE;
 396              		.loc 1 304 26 is_stmt 0 view .LVU110
 397 0012 C360     		str	r3, [r0, #12]
 305:Core/Src/main.c ****     huart2.Init.Mode = UART_MODE_TX_RX;
 398              		.loc 1 305 5 is_stmt 1 view .LVU111
 305:Core/Src/main.c ****     huart2.Init.Mode = UART_MODE_TX_RX;
 399              		.loc 1 305 24 is_stmt 0 view .LVU112
 400 0014 0361     		str	r3, [r0, #16]
 306:Core/Src/main.c ****     huart2.Init.HwFlowCtl = UART_HWCONTROL_NONE;
 401              		.loc 1 306 5 is_stmt 1 view .LVU113
 306:Core/Src/main.c ****     huart2.Init.HwFlowCtl = UART_HWCONTROL_NONE;
 402              		.loc 1 306 22 is_stmt 0 view .LVU114
 403 0016 0C22     		movs	r2, #12
 404 0018 4261     		str	r2, [r0, #20]
 307:Core/Src/main.c ****     huart2.Init.OverSampling = UART_OVERSAMPLING_16;
 405              		.loc 1 307 5 is_stmt 1 view .LVU115
 307:Core/Src/main.c ****     huart2.Init.OverSampling = UART_OVERSAMPLING_16;
 406              		.loc 1 307 27 is_stmt 0 view .LVU116
 407 001a 8361     		str	r3, [r0, #24]
 308:Core/Src/main.c ****     huart2.Init.OneBitSampling = UART_ONE_BIT_SAMPLE_DISABLE;
 408              		.loc 1 308 5 is_stmt 1 view .LVU117
 308:Core/Src/main.c ****     huart2.Init.OneBitSampling = UART_ONE_BIT_SAMPLE_DISABLE;
 409              		.loc 1 308 30 is_stmt 0 view .LVU118
 410 001c C361     		str	r3, [r0, #28]
 309:Core/Src/main.c ****     huart2.AdvancedInit.AdvFeatureInit = UART_ADVFEATURE_NO_INIT;
 411              		.loc 1 309 5 is_stmt 1 view .LVU119
 309:Core/Src/main.c ****     huart2.AdvancedInit.AdvFeatureInit = UART_ADVFEATURE_NO_INIT;
 412              		.loc 1 309 32 is_stmt 0 view .LVU120
 413 001e 0362     		str	r3, [r0, #32]
 310:Core/Src/main.c ****     if (HAL_UART_Init(&huart2) != HAL_OK)
 414              		.loc 1 310 5 is_stmt 1 view .LVU121
 310:Core/Src/main.c ****     if (HAL_UART_Init(&huart2) != HAL_OK)
 415              		.loc 1 310 40 is_stmt 0 view .LVU122
 416 0020 4362     		str	r3, [r0, #36]
 311:Core/Src/main.c ****     {
 417              		.loc 1 311 5 is_stmt 1 view .LVU123
 311:Core/Src/main.c ****     {
 418              		.loc 1 311 9 is_stmt 0 view .LVU124
 419 0022 FFF7FEFF 		bl	HAL_UART_Init
 420              	.LVL13:
 311:Core/Src/main.c ****     {
 421              		.loc 1 311 8 view .LVU125
 422 0026 00B9     		cbnz	r0, .L26
 318:Core/Src/main.c **** 
 423              		.loc 1 318 1 view .LVU126
 424 0028 08BD     		pop	{r3, pc}
 425              	.L26:
 313:Core/Src/main.c ****     }
 426              		.loc 1 313 9 is_stmt 1 view .LVU127
 427 002a FFF7FEFF 		bl	Error_Handler
 428              	.LVL14:
 429              	.L28:
 430 002e 00BF     		.align	2
 431              	.L27:
 432 0030 00000000 		.word	huart2
ARM GAS  C:\Users\sagep\AppData\Local\Temp\ccfiPGEk.s 			page 20


 433 0034 00440040 		.word	1073759232
 434              		.cfi_endproc
 435              	.LFE137:
 437              		.section	.text.MX_TIM3_Init,"ax",%progbits
 438              		.align	1
 439              		.syntax unified
 440              		.thumb
 441              		.thumb_func
 443              	MX_TIM3_Init:
 444              	.LFB136:
 248:Core/Src/main.c **** 
 445              		.loc 1 248 1 view -0
 446              		.cfi_startproc
 447              		@ args = 0, pretend = 0, frame = 32
 448              		@ frame_needed = 0, uses_anonymous_args = 0
 449 0000 00B5     		push	{lr}
 450              	.LCFI6:
 451              		.cfi_def_cfa_offset 4
 452              		.cfi_offset 14, -4
 453 0002 89B0     		sub	sp, sp, #36
 454              	.LCFI7:
 455              		.cfi_def_cfa_offset 40
 254:Core/Src/main.c ****     TIM_MasterConfigTypeDef sMasterConfig = {0};
 456              		.loc 1 254 5 view .LVU129
 254:Core/Src/main.c ****     TIM_MasterConfigTypeDef sMasterConfig = {0};
 457              		.loc 1 254 28 is_stmt 0 view .LVU130
 458 0004 0023     		movs	r3, #0
 459 0006 0493     		str	r3, [sp, #16]
 460 0008 0593     		str	r3, [sp, #20]
 461 000a 0693     		str	r3, [sp, #24]
 462 000c 0793     		str	r3, [sp, #28]
 255:Core/Src/main.c **** 
 463              		.loc 1 255 5 is_stmt 1 view .LVU131
 255:Core/Src/main.c **** 
 464              		.loc 1 255 29 is_stmt 0 view .LVU132
 465 000e 0193     		str	r3, [sp, #4]
 466 0010 0293     		str	r3, [sp, #8]
 467 0012 0393     		str	r3, [sp, #12]
 260:Core/Src/main.c ****     htim3.Init.Prescaler = 399;
 468              		.loc 1 260 5 is_stmt 1 view .LVU133
 260:Core/Src/main.c ****     htim3.Init.Prescaler = 399;
 469              		.loc 1 260 20 is_stmt 0 view .LVU134
 470 0014 1548     		ldr	r0, .L37
 471 0016 164A     		ldr	r2, .L37+4
 472 0018 0260     		str	r2, [r0]
 261:Core/Src/main.c ****     htim3.Init.CounterMode = TIM_COUNTERMODE_UP;
 473              		.loc 1 261 5 is_stmt 1 view .LVU135
 261:Core/Src/main.c ****     htim3.Init.CounterMode = TIM_COUNTERMODE_UP;
 474              		.loc 1 261 26 is_stmt 0 view .LVU136
 475 001a 40F28F12 		movw	r2, #399
 476 001e 4260     		str	r2, [r0, #4]
 262:Core/Src/main.c ****     htim3.Init.Period = 49999;
 477              		.loc 1 262 5 is_stmt 1 view .LVU137
 262:Core/Src/main.c ****     htim3.Init.Period = 49999;
 478              		.loc 1 262 28 is_stmt 0 view .LVU138
 479 0020 8360     		str	r3, [r0, #8]
 263:Core/Src/main.c ****     htim3.Init.ClockDivision = TIM_CLOCKDIVISION_DIV4;
ARM GAS  C:\Users\sagep\AppData\Local\Temp\ccfiPGEk.s 			page 21


 480              		.loc 1 263 5 is_stmt 1 view .LVU139
 263:Core/Src/main.c ****     htim3.Init.ClockDivision = TIM_CLOCKDIVISION_DIV4;
 481              		.loc 1 263 23 is_stmt 0 view .LVU140
 482 0022 4CF24F33 		movw	r3, #49999
 483 0026 C360     		str	r3, [r0, #12]
 264:Core/Src/main.c ****     htim3.Init.AutoReloadPreload = TIM_AUTORELOAD_PRELOAD_ENABLE;
 484              		.loc 1 264 5 is_stmt 1 view .LVU141
 264:Core/Src/main.c ****     htim3.Init.AutoReloadPreload = TIM_AUTORELOAD_PRELOAD_ENABLE;
 485              		.loc 1 264 30 is_stmt 0 view .LVU142
 486 0028 4FF40073 		mov	r3, #512
 487 002c 0361     		str	r3, [r0, #16]
 265:Core/Src/main.c ****     if (HAL_TIM_Base_Init(&htim3) != HAL_OK)
 488              		.loc 1 265 5 is_stmt 1 view .LVU143
 265:Core/Src/main.c ****     if (HAL_TIM_Base_Init(&htim3) != HAL_OK)
 489              		.loc 1 265 34 is_stmt 0 view .LVU144
 490 002e 8023     		movs	r3, #128
 491 0030 8361     		str	r3, [r0, #24]
 266:Core/Src/main.c ****     {
 492              		.loc 1 266 5 is_stmt 1 view .LVU145
 266:Core/Src/main.c ****     {
 493              		.loc 1 266 9 is_stmt 0 view .LVU146
 494 0032 FFF7FEFF 		bl	HAL_TIM_Base_Init
 495              	.LVL15:
 266:Core/Src/main.c ****     {
 496              		.loc 1 266 8 view .LVU147
 497 0036 90B9     		cbnz	r0, .L34
 270:Core/Src/main.c ****     if (HAL_TIM_ConfigClockSource(&htim3, &sClockSourceConfig) != HAL_OK)
 498              		.loc 1 270 5 is_stmt 1 view .LVU148
 270:Core/Src/main.c ****     if (HAL_TIM_ConfigClockSource(&htim3, &sClockSourceConfig) != HAL_OK)
 499              		.loc 1 270 36 is_stmt 0 view .LVU149
 500 0038 4FF48053 		mov	r3, #4096
 501 003c 0493     		str	r3, [sp, #16]
 271:Core/Src/main.c ****     {
 502              		.loc 1 271 5 is_stmt 1 view .LVU150
 271:Core/Src/main.c ****     {
 503              		.loc 1 271 9 is_stmt 0 view .LVU151
 504 003e 04A9     		add	r1, sp, #16
 505 0040 0A48     		ldr	r0, .L37
 506 0042 FFF7FEFF 		bl	HAL_TIM_ConfigClockSource
 507              	.LVL16:
 271:Core/Src/main.c ****     {
 508              		.loc 1 271 8 view .LVU152
 509 0046 60B9     		cbnz	r0, .L35
 275:Core/Src/main.c ****     sMasterConfig.MasterSlaveMode = TIM_MASTERSLAVEMODE_DISABLE;
 510              		.loc 1 275 5 is_stmt 1 view .LVU153
 275:Core/Src/main.c ****     sMasterConfig.MasterSlaveMode = TIM_MASTERSLAVEMODE_DISABLE;
 511              		.loc 1 275 39 is_stmt 0 view .LVU154
 512 0048 0023     		movs	r3, #0
 513 004a 0193     		str	r3, [sp, #4]
 276:Core/Src/main.c ****     if (HAL_TIMEx_MasterConfigSynchronization(&htim3, &sMasterConfig) != HAL_OK)
 514              		.loc 1 276 5 is_stmt 1 view .LVU155
 276:Core/Src/main.c ****     if (HAL_TIMEx_MasterConfigSynchronization(&htim3, &sMasterConfig) != HAL_OK)
 515              		.loc 1 276 35 is_stmt 0 view .LVU156
 516 004c 0393     		str	r3, [sp, #12]
 277:Core/Src/main.c ****     {
 517              		.loc 1 277 5 is_stmt 1 view .LVU157
 277:Core/Src/main.c ****     {
ARM GAS  C:\Users\sagep\AppData\Local\Temp\ccfiPGEk.s 			page 22


 518              		.loc 1 277 9 is_stmt 0 view .LVU158
 519 004e 01A9     		add	r1, sp, #4
 520 0050 0648     		ldr	r0, .L37
 521 0052 FFF7FEFF 		bl	HAL_TIMEx_MasterConfigSynchronization
 522              	.LVL17:
 277:Core/Src/main.c ****     {
 523              		.loc 1 277 8 view .LVU159
 524 0056 30B9     		cbnz	r0, .L36
 284:Core/Src/main.c **** 
 525              		.loc 1 284 1 view .LVU160
 526 0058 09B0     		add	sp, sp, #36
 527              	.LCFI8:
 528              		.cfi_remember_state
 529              		.cfi_def_cfa_offset 4
 530              		@ sp needed
 531 005a 5DF804FB 		ldr	pc, [sp], #4
 532              	.L34:
 533              	.LCFI9:
 534              		.cfi_restore_state
 268:Core/Src/main.c ****     }
 535              		.loc 1 268 9 is_stmt 1 view .LVU161
 536 005e FFF7FEFF 		bl	Error_Handler
 537              	.LVL18:
 538              	.L35:
 273:Core/Src/main.c ****     }
 539              		.loc 1 273 9 view .LVU162
 540 0062 FFF7FEFF 		bl	Error_Handler
 541              	.LVL19:
 542              	.L36:
 279:Core/Src/main.c ****     }
 543              		.loc 1 279 9 view .LVU163
 544 0066 FFF7FEFF 		bl	Error_Handler
 545              	.LVL20:
 546              	.L38:
 547 006a 00BF     		.align	2
 548              	.L37:
 549 006c 00000000 		.word	htim3
 550 0070 00040040 		.word	1073742848
 551              		.cfi_endproc
 552              	.LFE136:
 554              		.section	.text.SystemClock_Config,"ax",%progbits
 555              		.align	1
 556              		.global	SystemClock_Config
 557              		.syntax unified
 558              		.thumb
 559              		.thumb_func
 561              	SystemClock_Config:
 562              	.LFB133:
 127:Core/Src/main.c ****     RCC_OscInitTypeDef RCC_OscInitStruct = {0};
 563              		.loc 1 127 1 view -0
 564              		.cfi_startproc
 565              		@ args = 0, pretend = 0, frame = 88
 566              		@ frame_needed = 0, uses_anonymous_args = 0
 567 0000 00B5     		push	{lr}
 568              	.LCFI10:
 569              		.cfi_def_cfa_offset 4
 570              		.cfi_offset 14, -4
ARM GAS  C:\Users\sagep\AppData\Local\Temp\ccfiPGEk.s 			page 23


 571 0002 97B0     		sub	sp, sp, #92
 572              	.LCFI11:
 573              		.cfi_def_cfa_offset 96
 128:Core/Src/main.c ****     RCC_ClkInitTypeDef RCC_ClkInitStruct = {0};
 574              		.loc 1 128 5 view .LVU165
 128:Core/Src/main.c ****     RCC_ClkInitTypeDef RCC_ClkInitStruct = {0};
 575              		.loc 1 128 24 is_stmt 0 view .LVU166
 576 0004 4422     		movs	r2, #68
 577 0006 0021     		movs	r1, #0
 578 0008 05A8     		add	r0, sp, #20
 579 000a FFF7FEFF 		bl	memset
 580              	.LVL21:
 129:Core/Src/main.c **** 
 581              		.loc 1 129 5 is_stmt 1 view .LVU167
 129:Core/Src/main.c **** 
 582              		.loc 1 129 24 is_stmt 0 view .LVU168
 583 000e 0023     		movs	r3, #0
 584 0010 0093     		str	r3, [sp]
 585 0012 0193     		str	r3, [sp, #4]
 586 0014 0293     		str	r3, [sp, #8]
 587 0016 0393     		str	r3, [sp, #12]
 588 0018 0493     		str	r3, [sp, #16]
 133:Core/Src/main.c ****     {
 589              		.loc 1 133 5 is_stmt 1 view .LVU169
 133:Core/Src/main.c ****     {
 590              		.loc 1 133 9 is_stmt 0 view .LVU170
 591 001a 4FF40070 		mov	r0, #512
 592 001e FFF7FEFF 		bl	HAL_PWREx_ControlVoltageScaling
 593              	.LVL22:
 133:Core/Src/main.c ****     {
 594              		.loc 1 133 8 view .LVU171
 595 0022 20BB     		cbnz	r0, .L44
 141:Core/Src/main.c ****     RCC_OscInitStruct.HSIState = RCC_HSI_ON;
 596              		.loc 1 141 5 is_stmt 1 view .LVU172
 141:Core/Src/main.c ****     RCC_OscInitStruct.HSIState = RCC_HSI_ON;
 597              		.loc 1 141 38 is_stmt 0 view .LVU173
 598 0024 0223     		movs	r3, #2
 599 0026 0593     		str	r3, [sp, #20]
 142:Core/Src/main.c ****     RCC_OscInitStruct.HSICalibrationValue = RCC_HSICALIBRATION_DEFAULT;
 600              		.loc 1 142 5 is_stmt 1 view .LVU174
 142:Core/Src/main.c ****     RCC_OscInitStruct.HSICalibrationValue = RCC_HSICALIBRATION_DEFAULT;
 601              		.loc 1 142 32 is_stmt 0 view .LVU175
 602 0028 4FF48072 		mov	r2, #256
 603 002c 0892     		str	r2, [sp, #32]
 143:Core/Src/main.c ****     RCC_OscInitStruct.PLL.PLLState = RCC_PLL_ON;
 604              		.loc 1 143 5 is_stmt 1 view .LVU176
 143:Core/Src/main.c ****     RCC_OscInitStruct.PLL.PLLState = RCC_PLL_ON;
 605              		.loc 1 143 43 is_stmt 0 view .LVU177
 606 002e 1022     		movs	r2, #16
 607 0030 0992     		str	r2, [sp, #36]
 144:Core/Src/main.c ****     RCC_OscInitStruct.PLL.PLLSource = RCC_PLLSOURCE_HSI;
 608              		.loc 1 144 5 is_stmt 1 view .LVU178
 144:Core/Src/main.c ****     RCC_OscInitStruct.PLL.PLLSource = RCC_PLLSOURCE_HSI;
 609              		.loc 1 144 36 is_stmt 0 view .LVU179
 610 0032 0F93     		str	r3, [sp, #60]
 145:Core/Src/main.c ****     RCC_OscInitStruct.PLL.PLLM = 1;
 611              		.loc 1 145 5 is_stmt 1 view .LVU180
ARM GAS  C:\Users\sagep\AppData\Local\Temp\ccfiPGEk.s 			page 24


 145:Core/Src/main.c ****     RCC_OscInitStruct.PLL.PLLM = 1;
 612              		.loc 1 145 37 is_stmt 0 view .LVU181
 613 0034 1093     		str	r3, [sp, #64]
 146:Core/Src/main.c ****     RCC_OscInitStruct.PLL.PLLN = 10;
 614              		.loc 1 146 5 is_stmt 1 view .LVU182
 146:Core/Src/main.c ****     RCC_OscInitStruct.PLL.PLLN = 10;
 615              		.loc 1 146 32 is_stmt 0 view .LVU183
 616 0036 0122     		movs	r2, #1
 617 0038 1192     		str	r2, [sp, #68]
 147:Core/Src/main.c ****     RCC_OscInitStruct.PLL.PLLP = RCC_PLLP_DIV7;
 618              		.loc 1 147 5 is_stmt 1 view .LVU184
 147:Core/Src/main.c ****     RCC_OscInitStruct.PLL.PLLP = RCC_PLLP_DIV7;
 619              		.loc 1 147 32 is_stmt 0 view .LVU185
 620 003a 0A22     		movs	r2, #10
 621 003c 1292     		str	r2, [sp, #72]
 148:Core/Src/main.c ****     RCC_OscInitStruct.PLL.PLLQ = RCC_PLLQ_DIV2;
 622              		.loc 1 148 5 is_stmt 1 view .LVU186
 148:Core/Src/main.c ****     RCC_OscInitStruct.PLL.PLLQ = RCC_PLLQ_DIV2;
 623              		.loc 1 148 32 is_stmt 0 view .LVU187
 624 003e 0722     		movs	r2, #7
 625 0040 1392     		str	r2, [sp, #76]
 149:Core/Src/main.c ****     RCC_OscInitStruct.PLL.PLLR = RCC_PLLR_DIV2;
 626              		.loc 1 149 5 is_stmt 1 view .LVU188
 149:Core/Src/main.c ****     RCC_OscInitStruct.PLL.PLLR = RCC_PLLR_DIV2;
 627              		.loc 1 149 32 is_stmt 0 view .LVU189
 628 0042 1493     		str	r3, [sp, #80]
 150:Core/Src/main.c ****     if (HAL_RCC_OscConfig(&RCC_OscInitStruct) != HAL_OK)
 629              		.loc 1 150 5 is_stmt 1 view .LVU190
 150:Core/Src/main.c ****     if (HAL_RCC_OscConfig(&RCC_OscInitStruct) != HAL_OK)
 630              		.loc 1 150 32 is_stmt 0 view .LVU191
 631 0044 1593     		str	r3, [sp, #84]
 151:Core/Src/main.c ****     {
 632              		.loc 1 151 5 is_stmt 1 view .LVU192
 151:Core/Src/main.c ****     {
 633              		.loc 1 151 9 is_stmt 0 view .LVU193
 634 0046 05A8     		add	r0, sp, #20
 635 0048 FFF7FEFF 		bl	HAL_RCC_OscConfig
 636              	.LVL23:
 151:Core/Src/main.c ****     {
 637              		.loc 1 151 8 view .LVU194
 638 004c 88B9     		cbnz	r0, .L45
 158:Core/Src/main.c ****     RCC_ClkInitStruct.SYSCLKSource = RCC_SYSCLKSOURCE_PLLCLK;
 639              		.loc 1 158 5 is_stmt 1 view .LVU195
 158:Core/Src/main.c ****     RCC_ClkInitStruct.SYSCLKSource = RCC_SYSCLKSOURCE_PLLCLK;
 640              		.loc 1 158 33 is_stmt 0 view .LVU196
 641 004e 0F23     		movs	r3, #15
 642 0050 0093     		str	r3, [sp]
 159:Core/Src/main.c ****     RCC_ClkInitStruct.AHBCLKDivider = RCC_SYSCLK_DIV1;
 643              		.loc 1 159 5 is_stmt 1 view .LVU197
 159:Core/Src/main.c ****     RCC_ClkInitStruct.AHBCLKDivider = RCC_SYSCLK_DIV1;
 644              		.loc 1 159 36 is_stmt 0 view .LVU198
 645 0052 0323     		movs	r3, #3
 646 0054 0193     		str	r3, [sp, #4]
 160:Core/Src/main.c ****     RCC_ClkInitStruct.APB1CLKDivider = RCC_HCLK_DIV1;
 647              		.loc 1 160 5 is_stmt 1 view .LVU199
 160:Core/Src/main.c ****     RCC_ClkInitStruct.APB1CLKDivider = RCC_HCLK_DIV1;
 648              		.loc 1 160 37 is_stmt 0 view .LVU200
ARM GAS  C:\Users\sagep\AppData\Local\Temp\ccfiPGEk.s 			page 25


 649 0056 0023     		movs	r3, #0
 650 0058 0293     		str	r3, [sp, #8]
 161:Core/Src/main.c ****     RCC_ClkInitStruct.APB2CLKDivider = RCC_HCLK_DIV1;
 651              		.loc 1 161 5 is_stmt 1 view .LVU201
 161:Core/Src/main.c ****     RCC_ClkInitStruct.APB2CLKDivider = RCC_HCLK_DIV1;
 652              		.loc 1 161 38 is_stmt 0 view .LVU202
 653 005a 0393     		str	r3, [sp, #12]
 162:Core/Src/main.c **** 
 654              		.loc 1 162 5 is_stmt 1 view .LVU203
 162:Core/Src/main.c **** 
 655              		.loc 1 162 38 is_stmt 0 view .LVU204
 656 005c 0493     		str	r3, [sp, #16]
 164:Core/Src/main.c ****     {
 657              		.loc 1 164 5 is_stmt 1 view .LVU205
 164:Core/Src/main.c ****     {
 658              		.loc 1 164 9 is_stmt 0 view .LVU206
 659 005e 0421     		movs	r1, #4
 660 0060 6846     		mov	r0, sp
 661 0062 FFF7FEFF 		bl	HAL_RCC_ClockConfig
 662              	.LVL24:
 164:Core/Src/main.c ****     {
 663              		.loc 1 164 8 view .LVU207
 664 0066 30B9     		cbnz	r0, .L46
 168:Core/Src/main.c **** 
 665              		.loc 1 168 1 view .LVU208
 666 0068 17B0     		add	sp, sp, #92
 667              	.LCFI12:
 668              		.cfi_remember_state
 669              		.cfi_def_cfa_offset 4
 670              		@ sp needed
 671 006a 5DF804FB 		ldr	pc, [sp], #4
 672              	.L44:
 673              	.LCFI13:
 674              		.cfi_restore_state
 135:Core/Src/main.c ****     }
 675              		.loc 1 135 9 is_stmt 1 view .LVU209
 676 006e FFF7FEFF 		bl	Error_Handler
 677              	.LVL25:
 678              	.L45:
 153:Core/Src/main.c ****     }
 679              		.loc 1 153 9 view .LVU210
 680 0072 FFF7FEFF 		bl	Error_Handler
 681              	.LVL26:
 682              	.L46:
 166:Core/Src/main.c ****     }
 683              		.loc 1 166 9 view .LVU211
 684 0076 FFF7FEFF 		bl	Error_Handler
 685              	.LVL27:
 686              		.cfi_endproc
 687              	.LFE133:
 689              		.section	.text.main,"ax",%progbits
 690              		.align	1
 691              		.global	main
 692              		.syntax unified
 693              		.thumb
 694              		.thumb_func
 696              	main:
ARM GAS  C:\Users\sagep\AppData\Local\Temp\ccfiPGEk.s 			page 26


 697              	.LFB132:
  76:Core/Src/main.c **** 
 698              		.loc 1 76 1 view -0
 699              		.cfi_startproc
 700              		@ Volatile: function does not return.
 701              		@ args = 0, pretend = 0, frame = 0
 702              		@ frame_needed = 0, uses_anonymous_args = 0
 703 0000 08B5     		push	{r3, lr}
 704              	.LCFI14:
 705              		.cfi_def_cfa_offset 8
 706              		.cfi_offset 3, -8
 707              		.cfi_offset 14, -4
  85:Core/Src/main.c **** 
 708              		.loc 1 85 5 view .LVU213
 709 0002 FFF7FEFF 		bl	HAL_Init
 710              	.LVL28:
  92:Core/Src/main.c **** 
 711              		.loc 1 92 5 view .LVU214
 712 0006 FFF7FEFF 		bl	SystemClock_Config
 713              	.LVL29:
  99:Core/Src/main.c ****     MX_I2C3_Init();
 714              		.loc 1 99 5 view .LVU215
 715 000a FFF7FEFF 		bl	MX_GPIO_Init
 716              	.LVL30:
 100:Core/Src/main.c ****     MX_RNG_Init();
 717              		.loc 1 100 5 view .LVU216
 718 000e FFF7FEFF 		bl	MX_I2C3_Init
 719              	.LVL31:
 101:Core/Src/main.c ****     MX_USART2_UART_Init();
 720              		.loc 1 101 5 view .LVU217
 721 0012 FFF7FEFF 		bl	MX_RNG_Init
 722              	.LVL32:
 102:Core/Src/main.c ****     MX_TIM3_Init();
 723              		.loc 1 102 5 view .LVU218
 724 0016 FFF7FEFF 		bl	MX_USART2_UART_Init
 725              	.LVL33:
 103:Core/Src/main.c ****     /* USER CODE BEGIN 2 */
 726              		.loc 1 103 5 view .LVU219
 727 001a FFF7FEFF 		bl	MX_TIM3_Init
 728              	.LVL34:
 729              	.L48:
 110:Core/Src/main.c ****     {
 730              		.loc 1 110 5 discriminator 1 view .LVU220
 113:Core/Src/main.c ****         HAL_GPIO_TogglePin(LD2_GPIO_Port, LD2_Pin);
 731              		.loc 1 113 9 discriminator 1 view .LVU221
 732 001e 4FF4FA70 		mov	r0, #500
 733 0022 FFF7FEFF 		bl	HAL_Delay
 734              	.LVL35:
 114:Core/Src/main.c ****         HAL_GPIO_TogglePin(LED_PC10_GPIO_Port, LED_PC10_Pin);
 735              		.loc 1 114 9 discriminator 1 view .LVU222
 736 0026 2021     		movs	r1, #32
 737 0028 4FF09040 		mov	r0, #1207959552
 738 002c FFF7FEFF 		bl	HAL_GPIO_TogglePin
 739              	.LVL36:
 115:Core/Src/main.c ****         HAL_GPIO_TogglePin(LED_PC11_GPIO_Port, LED_PC11_Pin);
 740              		.loc 1 115 9 discriminator 1 view .LVU223
 741 0030 054C     		ldr	r4, .L50
ARM GAS  C:\Users\sagep\AppData\Local\Temp\ccfiPGEk.s 			page 27


 742 0032 4FF48061 		mov	r1, #1024
 743 0036 2046     		mov	r0, r4
 744 0038 FFF7FEFF 		bl	HAL_GPIO_TogglePin
 745              	.LVL37:
 116:Core/Src/main.c ****         /* USER CODE BEGIN 3 */
 746              		.loc 1 116 9 discriminator 1 view .LVU224
 747 003c 4FF40061 		mov	r1, #2048
 748 0040 2046     		mov	r0, r4
 749 0042 FFF7FEFF 		bl	HAL_GPIO_TogglePin
 750              	.LVL38:
 110:Core/Src/main.c ****     {
 751              		.loc 1 110 11 discriminator 1 view .LVU225
 752 0046 EAE7     		b	.L48
 753              	.L51:
 754              		.align	2
 755              	.L50:
 756 0048 00080048 		.word	1207961600
 757              		.cfi_endproc
 758              	.LFE132:
 760              		.global	huart2
 761              		.section	.bss.huart2,"aw",%nobits
 762              		.align	2
 765              	huart2:
 766 0000 00000000 		.space	136
 766      00000000 
 766      00000000 
 766      00000000 
 766      00000000 
 767              		.global	htim3
 768              		.section	.bss.htim3,"aw",%nobits
 769              		.align	2
 772              	htim3:
 773 0000 00000000 		.space	76
 773      00000000 
 773      00000000 
 773      00000000 
 773      00000000 
 774              		.global	hrng
 775              		.section	.bss.hrng,"aw",%nobits
 776              		.align	2
 779              	hrng:
 780 0000 00000000 		.space	16
 780      00000000 
 780      00000000 
 780      00000000 
 781              		.global	hi2c3
 782              		.section	.bss.hi2c3,"aw",%nobits
 783              		.align	2
 786              	hi2c3:
 787 0000 00000000 		.space	84
 787      00000000 
 787      00000000 
 787      00000000 
 787      00000000 
 788              		.text
 789              	.Letext0:
 790              		.file 3 "C:\\ST\\STM32CubeCLT_1.16.0\\GNU-tools-for-STM32\\bin/../lib/gcc/arm-none-eabi/12.3.1/../
ARM GAS  C:\Users\sagep\AppData\Local\Temp\ccfiPGEk.s 			page 28


 791              		.file 4 "C:\\ST\\STM32CubeCLT_1.16.0\\GNU-tools-for-STM32\\bin/../lib/gcc/arm-none-eabi/12.3.1/../
 792              		.file 5 "Drivers/CMSIS/Device/ST/STM32L4xx/Include/stm32l476xx.h"
 793              		.file 6 "Drivers/STM32L4xx_HAL_Driver/Inc/stm32l4xx_hal_def.h"
 794              		.file 7 "Drivers/STM32L4xx_HAL_Driver/Inc/stm32l4xx_hal_rcc.h"
 795              		.file 8 "Drivers/STM32L4xx_HAL_Driver/Inc/stm32l4xx_hal_gpio.h"
 796              		.file 9 "Drivers/STM32L4xx_HAL_Driver/Inc/stm32l4xx_hal_dma.h"
 797              		.file 10 "Drivers/STM32L4xx_HAL_Driver/Inc/stm32l4xx_hal_i2c.h"
 798              		.file 11 "Drivers/STM32L4xx_HAL_Driver/Inc/stm32l4xx_hal_rng.h"
 799              		.file 12 "Drivers/STM32L4xx_HAL_Driver/Inc/stm32l4xx_hal_tim.h"
 800              		.file 13 "Drivers/STM32L4xx_HAL_Driver/Inc/stm32l4xx_hal_uart.h"
 801              		.file 14 "Drivers/STM32L4xx_HAL_Driver/Inc/stm32l4xx_hal_pwr_ex.h"
 802              		.file 15 "Drivers/STM32L4xx_HAL_Driver/Inc/stm32l4xx_hal_tim_ex.h"
 803              		.file 16 "Drivers/STM32L4xx_HAL_Driver/Inc/stm32l4xx_hal_i2c_ex.h"
 804              		.file 17 "Drivers/STM32L4xx_HAL_Driver/Inc/stm32l4xx_hal.h"
 805              		.file 18 "<built-in>"
ARM GAS  C:\Users\sagep\AppData\Local\Temp\ccfiPGEk.s 			page 29


DEFINED SYMBOLS
                            *ABS*:00000000 main.c
C:\Users\sagep\AppData\Local\Temp\ccfiPGEk.s:21     .text.MX_GPIO_Init:00000000 $t
C:\Users\sagep\AppData\Local\Temp\ccfiPGEk.s:26     .text.MX_GPIO_Init:00000000 MX_GPIO_Init
C:\Users\sagep\AppData\Local\Temp\ccfiPGEk.s:186    .text.MX_GPIO_Init:000000b8 $d
C:\Users\sagep\AppData\Local\Temp\ccfiPGEk.s:192    .text.Error_Handler:00000000 $t
C:\Users\sagep\AppData\Local\Temp\ccfiPGEk.s:198    .text.Error_Handler:00000000 Error_Handler
C:\Users\sagep\AppData\Local\Temp\ccfiPGEk.s:230    .text.MX_I2C3_Init:00000000 $t
C:\Users\sagep\AppData\Local\Temp\ccfiPGEk.s:235    .text.MX_I2C3_Init:00000000 MX_I2C3_Init
C:\Users\sagep\AppData\Local\Temp\ccfiPGEk.s:317    .text.MX_I2C3_Init:00000048 $d
C:\Users\sagep\AppData\Local\Temp\ccfiPGEk.s:786    .bss.hi2c3:00000000 hi2c3
C:\Users\sagep\AppData\Local\Temp\ccfiPGEk.s:324    .text.MX_RNG_Init:00000000 $t
C:\Users\sagep\AppData\Local\Temp\ccfiPGEk.s:329    .text.MX_RNG_Init:00000000 MX_RNG_Init
C:\Users\sagep\AppData\Local\Temp\ccfiPGEk.s:360    .text.MX_RNG_Init:00000014 $d
C:\Users\sagep\AppData\Local\Temp\ccfiPGEk.s:779    .bss.hrng:00000000 hrng
C:\Users\sagep\AppData\Local\Temp\ccfiPGEk.s:366    .text.MX_USART2_UART_Init:00000000 $t
C:\Users\sagep\AppData\Local\Temp\ccfiPGEk.s:371    .text.MX_USART2_UART_Init:00000000 MX_USART2_UART_Init
C:\Users\sagep\AppData\Local\Temp\ccfiPGEk.s:432    .text.MX_USART2_UART_Init:00000030 $d
C:\Users\sagep\AppData\Local\Temp\ccfiPGEk.s:765    .bss.huart2:00000000 huart2
C:\Users\sagep\AppData\Local\Temp\ccfiPGEk.s:438    .text.MX_TIM3_Init:00000000 $t
C:\Users\sagep\AppData\Local\Temp\ccfiPGEk.s:443    .text.MX_TIM3_Init:00000000 MX_TIM3_Init
C:\Users\sagep\AppData\Local\Temp\ccfiPGEk.s:549    .text.MX_TIM3_Init:0000006c $d
C:\Users\sagep\AppData\Local\Temp\ccfiPGEk.s:772    .bss.htim3:00000000 htim3
C:\Users\sagep\AppData\Local\Temp\ccfiPGEk.s:555    .text.SystemClock_Config:00000000 $t
C:\Users\sagep\AppData\Local\Temp\ccfiPGEk.s:561    .text.SystemClock_Config:00000000 SystemClock_Config
C:\Users\sagep\AppData\Local\Temp\ccfiPGEk.s:690    .text.main:00000000 $t
C:\Users\sagep\AppData\Local\Temp\ccfiPGEk.s:696    .text.main:00000000 main
C:\Users\sagep\AppData\Local\Temp\ccfiPGEk.s:756    .text.main:00000048 $d
C:\Users\sagep\AppData\Local\Temp\ccfiPGEk.s:762    .bss.huart2:00000000 $d
C:\Users\sagep\AppData\Local\Temp\ccfiPGEk.s:769    .bss.htim3:00000000 $d
C:\Users\sagep\AppData\Local\Temp\ccfiPGEk.s:776    .bss.hrng:00000000 $d
C:\Users\sagep\AppData\Local\Temp\ccfiPGEk.s:783    .bss.hi2c3:00000000 $d

UNDEFINED SYMBOLS
HAL_GPIO_WritePin
HAL_GPIO_Init
HAL_I2C_Init
HAL_I2CEx_ConfigAnalogFilter
HAL_I2CEx_ConfigDigitalFilter
HAL_RNG_Init
HAL_UART_Init
HAL_TIM_Base_Init
HAL_TIM_ConfigClockSource
HAL_TIMEx_MasterConfigSynchronization
memset
HAL_PWREx_ControlVoltageScaling
HAL_RCC_OscConfig
HAL_RCC_ClockConfig
HAL_Init
HAL_Delay
HAL_GPIO_TogglePin
